[ 2017-08-23T10:29:56+08:00 ] 127.0.0.1 /taobaoke/
INFO: [ app_init ] --START--
INFO: Run Behavior\BuildLiteBehavior [ RunTime:0.000018s ]
INFO: [ app_init ] --END-- [ RunTime:0.001198s ]
INFO: [ app_begin ] --START--
INFO: Run Behavior\ReadHtmlCacheBehavior [ RunTime:0.000908s ]
INFO: [ app_begin ] --END-- [ RunTime:0.000962s ]
SQL: SHOW COLUMNS FROM `tao_users` [ RunTime:0.0269s ]
SQL: SELECT * FROM `tao_users` WHERE `uid` = '' AND `enable` = 1 LIMIT 1   [ RunTime:0.0017s ]
SQL: SHOW COLUMNS FROM `w_options` [ RunTime:0.0014s ]
SQL: SELECT * FROM `w_options` WHERE `option_name` = 'basic_option' LIMIT 1   [ RunTime:0.0003s ]
SQL: SHOW COLUMNS FROM `tao_category` [ RunTime:0.0011s ]
SQL: SELECT * FROM `tao_category`  [ RunTime:0.0002s ]
INFO: [ view_parse ] --START--
NOTIC: [2] filemtime(): stat failed for ./app/Runtime/Cache/cf9aa5c3b44c818f53b4ab3ee84b5ff554443b61.file.index.tpl.php /Applications/MAMP/htdocs/taobaoke/ThinkPHP/Library/Vendor/Smarty/sysplugins/smarty_resource.php 第 683 行.
NOTIC: [2] unlink(./app/Runtime/Cache/cf9aa5c3b44c818f53b4ab3ee84b5ff554443b61.file.index.tpl.php): No such file or directory /Applications/MAMP/htdocs/taobaoke/ThinkPHP/Library/Vendor/Smarty/sysplugins/smarty_internal_write_file.php 第 49 行.
NOTIC: [2] filemtime(): stat failed for ./app/Runtime/Cache/b1ae7f7eae2455591fc1bb06cb76d565af60165b.file.header.tpl.php /Applications/MAMP/htdocs/taobaoke/ThinkPHP/Library/Vendor/Smarty/sysplugins/smarty_resource.php 第 683 行.
NOTIC: [2] unlink(./app/Runtime/Cache/b1ae7f7eae2455591fc1bb06cb76d565af60165b.file.header.tpl.php): No such file or directory /Applications/MAMP/htdocs/taobaoke/ThinkPHP/Library/Vendor/Smarty/sysplugins/smarty_internal_write_file.php 第 49 行.
NOTIC: [2] filemtime(): stat failed for ./app/Runtime/Cache/946cc5a91fd1cc28a2d482f98c660933e1c6897d.file.footer.tpl.php /Applications/MAMP/htdocs/taobaoke/ThinkPHP/Library/Vendor/Smarty/sysplugins/smarty_resource.php 第 683 行.
NOTIC: [2] unlink(./app/Runtime/Cache/946cc5a91fd1cc28a2d482f98c660933e1c6897d.file.footer.tpl.php): No such file or directory /Applications/MAMP/htdocs/taobaoke/ThinkPHP/Library/Vendor/Smarty/sysplugins/smarty_internal_write_file.php 第 49 行.
INFO: Run Behavior\ParseTemplateBehavior [ RunTime:0.057229s ]
INFO: [ view_parse ] --END-- [ RunTime:0.057269s ]
INFO: [ view_filter ] --START--
INFO: Run Behavior\WriteHtmlCacheBehavior [ RunTime:0.000433s ]
INFO: [ view_filter ] --END-- [ RunTime:0.000473s ]
INFO: [ app_end ] --START--
INFO: Run Behavior\ShowPageTraceBehavior [ RunTime:0.001321s ]
INFO: [ app_end ] --END-- [ RunTime:0.001380s ]

