[ 2017-07-10T14:54:45+08:00 ] 192.168.120.81 /taobaoke/ThemeAdmin/default/assets/ico/favicon.ico
INFO: [ app_init ] --START--
INFO: Run Behavior\BuildLiteBehavior [ RunTime:0.000057s ]
INFO: [ app_init ] --END-- [ RunTime:0.001012s ]

[ 2017-07-10T14:55:09+08:00 ] 192.168.120.83 /taobaoke/ThemeAdmin/default/assets/ico/favicon.ico
INFO: [ app_init ] --START--
INFO: Run Behavior\BuildLiteBehavior [ RunTime:0.000098s ]
INFO: [ app_init ] --END-- [ RunTime:0.001358s ]

[ 2017-07-10T14:55:44+08:00 ] 192.168.120.83 /taobaoke/
INFO: [ app_init ] --START--
INFO: Run Behavior\BuildLiteBehavior [ RunTime:0.000060s ]
INFO: [ app_init ] --END-- [ RunTime:0.000969s ]
INFO: [ app_begin ] --START--
INFO: Run Behavior\ReadHtmlCacheBehavior [ RunTime:0.001100s ]
INFO: [ app_begin ] --END-- [ RunTime:0.001411s ]
SQL: SHOW COLUMNS FROM `w_options` [ RunTime:0.0011s ]
SQL: SELECT * FROM `w_options` WHERE `option_name` = 'basic_option' LIMIT 1   [ RunTime:0.0005s ]
INFO: [ view_parse ] --START--
INFO: Run Behavior\ParseTemplateBehavior [ RunTime:0.030081s ]
INFO: [ view_parse ] --END-- [ RunTime:0.030526s ]
INFO: [ view_filter ] --START--
INFO: Run Behavior\WriteHtmlCacheBehavior [ RunTime:0.001016s ]
INFO: [ view_filter ] --END-- [ RunTime:0.001531s ]
INFO: [ app_end ] --START--
INFO: Run Behavior\ShowPageTraceBehavior [ RunTime:0.001591s ]
INFO: [ app_end ] --END-- [ RunTime:0.002118s ]

[ 2017-07-10T14:55:50+08:00 ] 192.168.120.83 /taobaoke/
INFO: [ app_init ] --START--
INFO: Run Behavior\BuildLiteBehavior [ RunTime:0.000056s ]
INFO: [ app_init ] --END-- [ RunTime:0.001121s ]
INFO: [ app_begin ] --START--
INFO: Run Behavior\ReadHtmlCacheBehavior [ RunTime:0.001488s ]
INFO: [ app_begin ] --END-- [ RunTime:0.001815s ]
SQL: SHOW COLUMNS FROM `w_options` [ RunTime:0.0012s ]
SQL: SELECT * FROM `w_options` WHERE `option_name` = 'basic_option' LIMIT 1   [ RunTime:0.0005s ]
INFO: [ view_parse ] --START--
INFO: Run Behavior\ParseTemplateBehavior [ RunTime:0.023451s ]
INFO: [ view_parse ] --END-- [ RunTime:0.023749s ]
INFO: [ view_filter ] --START--
INFO: Run Behavior\WriteHtmlCacheBehavior [ RunTime:0.001677s ]
INFO: [ view_filter ] --END-- [ RunTime:0.002131s ]
INFO: [ app_end ] --START--
INFO: Run Behavior\ShowPageTraceBehavior [ RunTime:0.001635s ]
INFO: [ app_end ] --END-- [ RunTime:0.001921s ]

[ 2017-07-10T14:57:48+08:00 ] 192.168.120.81 /taobaoke/topic/archive/uid/4.html
INFO: [ app_init ] --START--
INFO: Run Behavior\BuildLiteBehavior [ RunTime:0.000094s ]
INFO: [ app_init ] --END-- [ RunTime:0.001686s ]
INFO: [ app_begin ] --START--
INFO: Run Behavior\ReadHtmlCacheBehavior [ RunTime:0.001683s ]
INFO: [ app_begin ] --END-- [ RunTime:0.002072s ]
SQL: SHOW COLUMNS FROM `w_options` [ RunTime:0.0012s ]
SQL: SELECT * FROM `w_options` WHERE `option_name` = 'basic_option' LIMIT 1   [ RunTime:0.0005s ]
SQL: SHOW COLUMNS FROM `w_post` [ RunTime:0.0018s ]
SQL: SELECT w_post.*,`user_nickname` FROM `w_post` INNER JOIN w_users on w_users.ID=w_post.post_author  WHERE w_post.ID = '4' AND `post_status` = 'publish' AND `post_type_delete` = 'open' LIMIT 1   [ RunTime:0.0015s ]
SQL: SELECT * FROM `w_options` WHERE `option_name` = 'date_format' LIMIT 1   [ RunTime:0.0005s ]
SQL: SHOW COLUMNS FROM `w_term_relationship` [ RunTime:0.0011s ]
SQL: SELECT * FROM `w_term_relationship` WHERE `object_id` = 4 AND `tag_or_category` = 'category'  [ RunTime:0.0006s ]
SQL: SELECT * FROM `w_term_relationship` INNER JOIN w_term on w_term.term_id=w_term_relationship.term_taxonomy_id  WHERE `object_id` = '4' AND `tag_or_category` = 'tag'  [ RunTime:0.0007s ]
INFO: [ view_parse ] --START--
INFO: Run Behavior\ParseTemplateBehavior [ RunTime:0.029811s ]
INFO: [ view_parse ] --END-- [ RunTime:0.030134s ]
INFO: [ view_filter ] --START--
INFO: Run Behavior\WriteHtmlCacheBehavior [ RunTime:0.001162s ]
INFO: [ view_filter ] --END-- [ RunTime:0.001428s ]
INFO: [ app_end ] --START--
INFO: Run Behavior\ShowPageTraceBehavior [ RunTime:0.003650s ]
INFO: [ app_end ] --END-- [ RunTime:0.004071s ]

[ 2017-07-10T14:57:48+08:00 ] 192.168.120.81 /taobaoke/
INFO: [ app_init ] --START--
INFO: Run Behavior\BuildLiteBehavior [ RunTime:0.000101s ]
INFO: [ app_init ] --END-- [ RunTime:0.001391s ]
INFO: [ app_begin ] --START--
INFO: Run Behavior\ReadHtmlCacheBehavior [ RunTime:0.001569s ]
INFO: [ app_begin ] --END-- [ RunTime:0.001850s ]
SQL: SHOW COLUMNS FROM `w_options` [ RunTime:0.0015s ]
SQL: SELECT * FROM `w_options` WHERE `option_name` = 'basic_option' LIMIT 1   [ RunTime:0.0008s ]
INFO: [ view_parse ] --START--
INFO: Run Behavior\ParseTemplateBehavior [ RunTime:0.029138s ]
INFO: [ view_parse ] --END-- [ RunTime:0.029632s ]
INFO: [ view_filter ] --START--
INFO: Run Behavior\WriteHtmlCacheBehavior [ RunTime:0.003825s ]
INFO: [ view_filter ] --END-- [ RunTime:0.004504s ]
INFO: [ app_end ] --START--
INFO: Run Behavior\ShowPageTraceBehavior [ RunTime:0.002860s ]
INFO: [ app_end ] --END-- [ RunTime:0.003921s ]

[ 2017-07-10T14:58:01+08:00 ] 192.168.120.81 /taobaoke/topic/archive/uid/4.html
INFO: [ app_init ] --START--
INFO: Run Behavior\BuildLiteBehavior [ RunTime:0.000097s ]
INFO: [ app_init ] --END-- [ RunTime:0.001524s ]
INFO: [ app_begin ] --START--
INFO: Run Behavior\ReadHtmlCacheBehavior [ RunTime:0.001781s ]
INFO: [ app_begin ] --END-- [ RunTime:0.002276s ]
SQL: SHOW COLUMNS FROM `w_options` [ RunTime:0.0016s ]
SQL: SELECT * FROM `w_options` WHERE `option_name` = 'basic_option' LIMIT 1   [ RunTime:0.0009s ]
SQL: SHOW COLUMNS FROM `w_post` [ RunTime:0.0013s ]
SQL: SELECT w_post.*,`user_nickname` FROM `w_post` INNER JOIN w_users on w_users.ID=w_post.post_author  WHERE w_post.ID = '4' AND `post_status` = 'publish' AND `post_type_delete` = 'open' LIMIT 1   [ RunTime:0.0012s ]
SQL: SELECT * FROM `w_options` WHERE `option_name` = 'date_format' LIMIT 1   [ RunTime:0.0005s ]
SQL: SHOW COLUMNS FROM `w_term_relationship` [ RunTime:0.0013s ]
SQL: SELECT * FROM `w_term_relationship` WHERE `object_id` = 4 AND `tag_or_category` = 'category'  [ RunTime:0.0007s ]
SQL: SELECT * FROM `w_term_relationship` INNER JOIN w_term on w_term.term_id=w_term_relationship.term_taxonomy_id  WHERE `object_id` = '4' AND `tag_or_category` = 'tag'  [ RunTime:0.0007s ]
INFO: [ view_parse ] --START--
INFO: Run Behavior\ParseTemplateBehavior [ RunTime:0.024888s ]
INFO: [ view_parse ] --END-- [ RunTime:0.025175s ]
INFO: [ view_filter ] --START--
INFO: Run Behavior\WriteHtmlCacheBehavior [ RunTime:0.000728s ]
INFO: [ view_filter ] --END-- [ RunTime:0.000987s ]
INFO: [ app_end ] --START--
INFO: Run Behavior\ShowPageTraceBehavior [ RunTime:0.004596s ]
INFO: [ app_end ] --END-- [ RunTime:0.005323s ]

[ 2017-07-10T14:58:01+08:00 ] 192.168.120.81 /taobaoke/
INFO: [ app_init ] --START--
INFO: Run Behavior\BuildLiteBehavior [ RunTime:0.000093s ]
INFO: [ app_init ] --END-- [ RunTime:0.001786s ]
INFO: [ app_begin ] --START--
INFO: Run Behavior\ReadHtmlCacheBehavior [ RunTime:0.001530s ]
INFO: [ app_begin ] --END-- [ RunTime:0.002028s ]
SQL: SHOW COLUMNS FROM `w_options` [ RunTime:0.0014s ]
SQL: SELECT * FROM `w_options` WHERE `option_name` = 'basic_option' LIMIT 1   [ RunTime:0.0011s ]
INFO: [ view_parse ] --START--
INFO: Run Behavior\ParseTemplateBehavior [ RunTime:0.033165s ]
INFO: [ view_parse ] --END-- [ RunTime:0.033850s ]
INFO: [ view_filter ] --START--
INFO: Run Behavior\WriteHtmlCacheBehavior [ RunTime:0.000904s ]
INFO: [ view_filter ] --END-- [ RunTime:0.001391s ]
INFO: [ app_end ] --START--
INFO: Run Behavior\ShowPageTraceBehavior [ RunTime:0.001427s ]
INFO: [ app_end ] --END-- [ RunTime:0.001919s ]

[ 2017-07-10T15:17:22+08:00 ] 192.168.120.81 /taobaoke/topic/archive/uid/4.html
INFO: [ app_init ] --START--
INFO: Run Behavior\BuildLiteBehavior [ RunTime:0.000098s ]
INFO: [ app_init ] --END-- [ RunTime:0.002856s ]
INFO: [ app_begin ] --START--
INFO: Run Behavior\ReadHtmlCacheBehavior [ RunTime:0.001917s ]
INFO: [ app_begin ] --END-- [ RunTime:0.002289s ]
SQL: SHOW COLUMNS FROM `w_options` [ RunTime:0.0026s ]
SQL: SELECT * FROM `w_options` WHERE `option_name` = 'basic_option' LIMIT 1   [ RunTime:0.0007s ]
SQL: SHOW COLUMNS FROM `w_post` [ RunTime:0.0012s ]
SQL: SELECT w_post.*,`user_nickname` FROM `w_post` INNER JOIN w_users on w_users.ID=w_post.post_author  WHERE w_post.ID = '4' AND `post_status` = 'publish' AND `post_type_delete` = 'open' LIMIT 1   [ RunTime:0.0024s ]
SQL: SELECT * FROM `w_options` WHERE `option_name` = 'date_format' LIMIT 1   [ RunTime:0.0006s ]
SQL: SHOW COLUMNS FROM `w_term_relationship` [ RunTime:0.0010s ]
SQL: SELECT * FROM `w_term_relationship` WHERE `object_id` = 4 AND `tag_or_category` = 'category'  [ RunTime:0.0005s ]
SQL: SELECT * FROM `w_term_relationship` INNER JOIN w_term on w_term.term_id=w_term_relationship.term_taxonomy_id  WHERE `object_id` = '4' AND `tag_or_category` = 'tag'  [ RunTime:0.0010s ]
INFO: [ view_parse ] --START--
INFO: Run Behavior\ParseTemplateBehavior [ RunTime:0.037066s ]
INFO: [ view_parse ] --END-- [ RunTime:0.037373s ]
INFO: [ view_filter ] --START--
INFO: Run Behavior\WriteHtmlCacheBehavior [ RunTime:0.000966s ]
INFO: [ view_filter ] --END-- [ RunTime:0.001229s ]
INFO: [ app_end ] --START--
INFO: Run Behavior\ShowPageTraceBehavior [ RunTime:0.002493s ]
INFO: [ app_end ] --END-- [ RunTime:0.002907s ]

[ 2017-07-10T15:17:22+08:00 ] 192.168.120.81 /taobaoke/
INFO: [ app_init ] --START--
INFO: Run Behavior\BuildLiteBehavior [ RunTime:0.000100s ]
INFO: [ app_init ] --END-- [ RunTime:0.001839s ]
INFO: [ app_begin ] --START--
INFO: Run Behavior\ReadHtmlCacheBehavior [ RunTime:0.001690s ]
INFO: [ app_begin ] --END-- [ RunTime:0.002255s ]
SQL: SHOW COLUMNS FROM `w_options` [ RunTime:0.0013s ]
SQL: SELECT * FROM `w_options` WHERE `option_name` = 'basic_option' LIMIT 1   [ RunTime:0.0008s ]
INFO: [ view_parse ] --START--
INFO: Run Behavior\ParseTemplateBehavior [ RunTime:0.030649s ]
INFO: [ view_parse ] --END-- [ RunTime:0.031182s ]
INFO: [ view_filter ] --START--
INFO: Run Behavior\WriteHtmlCacheBehavior [ RunTime:0.001555s ]
INFO: [ view_filter ] --END-- [ RunTime:0.002060s ]
INFO: [ app_end ] --START--
INFO: Run Behavior\ShowPageTraceBehavior [ RunTime:0.001506s ]
INFO: [ app_end ] --END-- [ RunTime:0.002010s ]

[ 2017-07-10T15:17:22+08:00 ] 192.168.120.81 /taobaoke/
INFO: [ app_init ] --START--
INFO: Run Behavior\BuildLiteBehavior [ RunTime:0.000096s ]
INFO: [ app_init ] --END-- [ RunTime:0.001625s ]
INFO: [ app_begin ] --START--
INFO: Run Behavior\ReadHtmlCacheBehavior [ RunTime:0.000988s ]
INFO: [ app_begin ] --END-- [ RunTime:0.001258s ]
SQL: SHOW COLUMNS FROM `w_options` [ RunTime:0.0014s ]
SQL: SELECT * FROM `w_options` WHERE `option_name` = 'basic_option' LIMIT 1   [ RunTime:0.0009s ]
INFO: [ view_parse ] --START--
INFO: Run Behavior\ParseTemplateBehavior [ RunTime:0.028585s ]
INFO: [ view_parse ] --END-- [ RunTime:0.029091s ]
INFO: [ view_filter ] --START--
INFO: Run Behavior\WriteHtmlCacheBehavior [ RunTime:0.000803s ]
INFO: [ view_filter ] --END-- [ RunTime:0.001258s ]
INFO: [ app_end ] --START--
INFO: Run Behavior\ShowPageTraceBehavior [ RunTime:0.001519s ]
INFO: [ app_end ] --END-- [ RunTime:0.002461s ]

[ 2017-07-10T16:59:31+08:00 ] 127.0.0.1 /taobaoke/ThemeAdmin/default/assets/ico/favicon.ico
INFO: [ app_init ] --START--
INFO: Run Behavior\BuildLiteBehavior [ RunTime:0.000266s ]
INFO: [ app_init ] --END-- [ RunTime:0.002131s ]

