[ 2017-05-18T09:53:33+08:00 ] 127.0.0.1 /Demo/Admin/User/user_edit.html?id=40
INFO: [ app_init ] --START--
INFO: Run Behavior\BuildLiteBehavior [ RunTime:0.000051s ]
INFO: [ app_init ] --END-- [ RunTime:0.002742s ]
INFO: [ app_begin ] --START--
INFO: Run Behavior\ReadHtmlCacheBehavior [ RunTime:0.001518s ]
INFO: [ app_begin ] --END-- [ RunTime:0.001804s ]

[ 2017-05-18T15:18:19+08:00 ] 127.0.0.1 /demo/admin
INFO: [ app_init ] --START--
INFO: Run Behavior\BuildLiteBehavior [ RunTime:0.000055s ]
INFO: [ app_init ] --END-- [ RunTime:0.000907s ]
INFO: [ app_begin ] --START--
INFO: Run Behavior\ReadHtmlCacheBehavior [ RunTime:0.001866s ]
INFO: [ app_begin ] --END-- [ RunTime:0.002208s ]
SQL: SHOW COLUMNS FROM `w_users` [ RunTime:0.0013s ]
SQL: SELECT * FROM `w_users` WHERE ( id=1 ) LIMIT 1   [ RunTime:0.0007s ]
SQL: SHOW COLUMNS FROM `w_pages` [ RunTime:0.0013s ]
SQL: SELECT `user_nickname`,`page_id`,`page_title`,`page_time` FROM `w_pages` INNER JOIN w_users on w_users.ID=w_pages.page_author  WHERE `page_status` = 'open' AND `w_user_level` <= '10' ORDER BY page_time desc LIMIT 0,5   [ RunTime:0.0008s ]
SQL: SELECT COUNT(*) AS tp_count FROM `w_pages` WHERE `page_status` = 'open' LIMIT 1   [ RunTime:0.0004s ]
SQL: SHOW COLUMNS FROM `w_post` [ RunTime:0.0013s ]
SQL: SELECT w_post.ID as id,`post_date`,`post_title`,`user_nickname`,`post_status` FROM `w_post` INNER JOIN w_users on w_users.ID=w_post.post_author  WHERE `post_type_delete` = 'open' AND `post_status` = 'publish' AND `post_author` <= '1' ORDER BY post_date desc LIMIT 0,5   [ RunTime:0.0021s ]
SQL: SELECT COUNT(*) AS tp_count FROM `w_post` WHERE `post_type_delete` = 'open' AND `post_status` = 'publish' AND `post_author` <= '1' LIMIT 1   [ RunTime:0.0005s ]
SQL: SHOW COLUMNS FROM `w_logs` [ RunTime:0.0010s ]
SQL: SELECT w_logs.*,user_nickname as name FROM `w_logs` LEFT JOIN w_users on w_users.ID=w_logs.user_id  ORDER BY login_time desc LIMIT 0,5   [ RunTime:0.0012s ]
SQL: SELECT COUNT(*) AS tp_count FROM `w_logs` LIMIT 1   [ RunTime:0.0003s ]
INFO: [ view_parse ] --START--
INFO: Run Behavior\ParseTemplateBehavior [ RunTime:0.038452s ]
INFO: [ view_parse ] --END-- [ RunTime:0.038898s ]
INFO: [ view_filter ] --START--
INFO: Run Behavior\WriteHtmlCacheBehavior [ RunTime:0.000993s ]
INFO: [ view_filter ] --END-- [ RunTime:0.001225s ]
INFO: [ app_end ] --START--
INFO: Run Behavior\ShowPageTraceBehavior [ RunTime:0.002231s ]
INFO: [ app_end ] --END-- [ RunTime:0.002818s ]

[ 2017-05-18T15:18:24+08:00 ] 127.0.0.1 /Demo/Admin/User/users.html
INFO: [ app_init ] --START--
INFO: Run Behavior\BuildLiteBehavior [ RunTime:0.000050s ]
INFO: [ app_init ] --END-- [ RunTime:0.000853s ]
INFO: [ app_begin ] --START--
INFO: Run Behavior\ReadHtmlCacheBehavior [ RunTime:0.001271s ]
INFO: [ app_begin ] --END-- [ RunTime:0.001532s ]
SQL: SHOW COLUMNS FROM `w_users` [ RunTime:0.0011s ]
SQL: SELECT * FROM `w_users` WHERE ( id=1 ) LIMIT 1   [ RunTime:0.0007s ]
SQL: SELECT * FROM `w_users` WHERE `w_user_level` < '10'  [ RunTime:0.0010s ]
INFO: [ view_parse ] --START--
INFO: Run Behavior\ParseTemplateBehavior [ RunTime:0.028077s ]
INFO: [ view_parse ] --END-- [ RunTime:0.028570s ]
INFO: [ view_filter ] --START--
INFO: Run Behavior\WriteHtmlCacheBehavior [ RunTime:0.002301s ]
INFO: [ view_filter ] --END-- [ RunTime:0.002629s ]
INFO: [ app_end ] --START--
INFO: Run Behavior\ShowPageTraceBehavior [ RunTime:0.001773s ]
INFO: [ app_end ] --END-- [ RunTime:0.002207s ]

[ 2017-05-18T15:18:27+08:00 ] 127.0.0.1 /Demo/Admin/User/user_new.html
INFO: [ app_init ] --START--
INFO: Run Behavior\BuildLiteBehavior [ RunTime:0.000050s ]
INFO: [ app_init ] --END-- [ RunTime:0.000895s ]
INFO: [ app_begin ] --START--
INFO: Run Behavior\ReadHtmlCacheBehavior [ RunTime:0.001178s ]
INFO: [ app_begin ] --END-- [ RunTime:0.001442s ]
SQL: SHOW COLUMNS FROM `w_users` [ RunTime:0.0018s ]
SQL: SELECT * FROM `w_users` WHERE ( id=1 ) LIMIT 1   [ RunTime:0.0006s ]
INFO: [ view_parse ] --START--
INFO: Run Behavior\ParseTemplateBehavior [ RunTime:0.024054s ]
INFO: [ view_parse ] --END-- [ RunTime:0.024462s ]
INFO: [ view_filter ] --START--
INFO: Run Behavior\WriteHtmlCacheBehavior [ RunTime:0.000889s ]
INFO: [ view_filter ] --END-- [ RunTime:0.001127s ]
INFO: [ app_end ] --START--
INFO: Run Behavior\ShowPageTraceBehavior [ RunTime:0.002435s ]
INFO: [ app_end ] --END-- [ RunTime:0.003214s ]

[ 2017-05-18T15:18:36+08:00 ] 127.0.0.1 /Demo/Admin/User/user_new.html
INFO: [ app_init ] --START--
INFO: Run Behavior\BuildLiteBehavior [ RunTime:0.000051s ]
INFO: [ app_init ] --END-- [ RunTime:0.000853s ]
INFO: [ app_begin ] --START--
INFO: Run Behavior\ReadHtmlCacheBehavior [ RunTime:0.001469s ]
INFO: [ app_begin ] --END-- [ RunTime:0.001758s ]
SQL: SHOW COLUMNS FROM `w_users` [ RunTime:0.0015s ]
SQL: SELECT * FROM `w_users` WHERE ( id=1 ) LIMIT 1   [ RunTime:0.0007s ]
INFO: [ view_parse ] --START--
INFO: Run Behavior\ParseTemplateBehavior [ RunTime:0.024091s ]
INFO: [ view_parse ] --END-- [ RunTime:0.024446s ]
INFO: [ view_filter ] --START--
INFO: Run Behavior\WriteHtmlCacheBehavior [ RunTime:0.001386s ]
INFO: [ view_filter ] --END-- [ RunTime:0.001643s ]
INFO: [ app_end ] --START--
INFO: Run Behavior\ShowPageTraceBehavior [ RunTime:0.001601s ]
INFO: [ app_end ] --END-- [ RunTime:0.001890s ]

[ 2017-05-18T15:30:58+08:00 ] 127.0.0.1 /Demo/Admin/User/profile.html
INFO: [ app_init ] --START--
INFO: Run Behavior\BuildLiteBehavior [ RunTime:0.000051s ]
INFO: [ app_init ] --END-- [ RunTime:0.000932s ]
INFO: [ app_begin ] --START--
INFO: Run Behavior\ReadHtmlCacheBehavior [ RunTime:0.001131s ]
INFO: [ app_begin ] --END-- [ RunTime:0.001404s ]
SQL: SHOW COLUMNS FROM `w_users` [ RunTime:0.0014s ]
SQL: SELECT * FROM `w_users` WHERE ( id=1 ) LIMIT 1   [ RunTime:0.0007s ]
SQL: SELECT * FROM `w_users` WHERE ( id=1 ) LIMIT 1   [ RunTime:0.0005s ]
INFO: [ view_parse ] --START--
NOTIC: [2] filemtime(): stat failed for ./app/Runtime/Cache\96aa30445f685be4858eaf5496301649cf75bdcd.file.profile.tpl.php D:\wamp64\www\Demo\ThinkPHP\Library\Vendor\Smarty\sysplugins\smarty_resource.php 第 683 行.
NOTIC: [2] unlink(./app/Runtime/Cache\96aa30445f685be4858eaf5496301649cf75bdcd.file.profile.tpl.php): No such file or directory D:\wamp64\www\Demo\ThinkPHP\Library\Vendor\Smarty\sysplugins\smarty_internal_write_file.php 第 49 行.
INFO: Run Behavior\ParseTemplateBehavior [ RunTime:0.226800s ]
INFO: [ view_parse ] --END-- [ RunTime:0.227067s ]
INFO: [ view_filter ] --START--
INFO: Run Behavior\WriteHtmlCacheBehavior [ RunTime:0.000824s ]
INFO: [ view_filter ] --END-- [ RunTime:0.001055s ]
INFO: [ app_end ] --START--
INFO: Run Behavior\ShowPageTraceBehavior [ RunTime:0.002080s ]
INFO: [ app_end ] --END-- [ RunTime:0.002631s ]

[ 2017-05-18T15:45:15+08:00 ] 127.0.0.1 /demo/admin
INFO: [ app_init ] --START--
INFO: Run Behavior\BuildLiteBehavior [ RunTime:0.000050s ]
INFO: [ app_init ] --END-- [ RunTime:0.001083s ]
INFO: [ app_begin ] --START--
INFO: Run Behavior\ReadHtmlCacheBehavior [ RunTime:0.002833s ]
INFO: [ app_begin ] --END-- [ RunTime:0.003316s ]
SQL: SHOW COLUMNS FROM `w_users` [ RunTime:0.0016s ]
SQL: SELECT * FROM `w_users` WHERE ( id=1 ) LIMIT 1   [ RunTime:0.0008s ]
SQL: SHOW COLUMNS FROM `w_pages` [ RunTime:0.0019s ]
SQL: SELECT `user_nickname`,`page_id`,`page_title`,`page_time` FROM `w_pages` INNER JOIN w_users on w_users.ID=w_pages.page_author  WHERE `page_status` = 'open' AND `w_user_level` <= '10' ORDER BY page_time desc LIMIT 0,5   [ RunTime:0.0015s ]
SQL: SELECT COUNT(*) AS tp_count FROM `w_pages` WHERE `page_status` = 'open' LIMIT 1   [ RunTime:0.0007s ]
SQL: SHOW COLUMNS FROM `w_post` [ RunTime:0.0014s ]
SQL: SELECT w_post.ID as id,`post_date`,`post_title`,`user_nickname`,`post_status` FROM `w_post` INNER JOIN w_users on w_users.ID=w_post.post_author  WHERE `post_type_delete` = 'open' AND `post_status` = 'publish' AND `post_author` <= '1' ORDER BY post_date desc LIMIT 0,5   [ RunTime:0.0012s ]
SQL: SELECT COUNT(*) AS tp_count FROM `w_post` WHERE `post_type_delete` = 'open' AND `post_status` = 'publish' AND `post_author` <= '1' LIMIT 1   [ RunTime:0.0005s ]
SQL: SHOW COLUMNS FROM `w_logs` [ RunTime:0.0011s ]
SQL: SELECT w_logs.*,user_nickname as name FROM `w_logs` LEFT JOIN w_users on w_users.ID=w_logs.user_id  ORDER BY login_time desc LIMIT 0,5   [ RunTime:0.0036s ]
SQL: SELECT COUNT(*) AS tp_count FROM `w_logs` LIMIT 1   [ RunTime:0.0005s ]
INFO: [ view_parse ] --START--
INFO: Run Behavior\ParseTemplateBehavior [ RunTime:0.038349s ]
INFO: [ view_parse ] --END-- [ RunTime:0.038673s ]
INFO: [ view_filter ] --START--
INFO: Run Behavior\WriteHtmlCacheBehavior [ RunTime:0.002013s ]
INFO: [ view_filter ] --END-- [ RunTime:0.002269s ]
INFO: [ app_end ] --START--
INFO: Run Behavior\ShowPageTraceBehavior [ RunTime:0.002632s ]
INFO: [ app_end ] --END-- [ RunTime:0.003022s ]

[ 2017-05-18T15:45:35+08:00 ] 127.0.0.1 /Demo/Admin/User/users.html
INFO: [ app_init ] --START--
INFO: Run Behavior\BuildLiteBehavior [ RunTime:0.000065s ]
INFO: [ app_init ] --END-- [ RunTime:0.001532s ]
INFO: [ app_begin ] --START--
INFO: Run Behavior\ReadHtmlCacheBehavior [ RunTime:0.003408s ]
INFO: [ app_begin ] --END-- [ RunTime:0.003796s ]
SQL: SHOW COLUMNS FROM `w_users` [ RunTime:0.0014s ]
SQL: SELECT * FROM `w_users` WHERE ( id=1 ) LIMIT 1   [ RunTime:0.0007s ]
SQL: SELECT * FROM `w_users` WHERE `w_user_level` < '10'  [ RunTime:0.0006s ]
INFO: [ view_parse ] --START--
INFO: Run Behavior\ParseTemplateBehavior [ RunTime:0.035956s ]
INFO: [ view_parse ] --END-- [ RunTime:0.036233s ]
INFO: [ view_filter ] --START--
INFO: Run Behavior\WriteHtmlCacheBehavior [ RunTime:0.002091s ]
INFO: [ view_filter ] --END-- [ RunTime:0.002362s ]
INFO: [ app_end ] --START--
INFO: Run Behavior\ShowPageTraceBehavior [ RunTime:0.003536s ]
INFO: [ app_end ] --END-- [ RunTime:0.004053s ]

[ 2017-05-18T18:15:33+08:00 ] 127.0.0.1 /Demo/Admin/User/user_edit.html?id=40
INFO: [ app_init ] --START--
INFO: Run Behavior\BuildLiteBehavior [ RunTime:0.000059s ]
INFO: [ app_init ] --END-- [ RunTime:0.001713s ]
INFO: [ app_begin ] --START--
INFO: Run Behavior\ReadHtmlCacheBehavior [ RunTime:0.001976s ]
INFO: [ app_begin ] --END-- [ RunTime:0.002257s ]
SQL: SHOW COLUMNS FROM `w_users` [ RunTime:0.0013s ]
SQL: SELECT * FROM `w_users` WHERE ( id=1 ) LIMIT 1   [ RunTime:0.0008s ]
SQL: SELECT * FROM `w_users` WHERE ( id=40 ) LIMIT 1   [ RunTime:0.0007s ]
INFO: [ view_parse ] --START--
INFO: Run Behavior\ParseTemplateBehavior [ RunTime:0.041365s ]
INFO: [ view_parse ] --END-- [ RunTime:0.041815s ]
INFO: [ view_filter ] --START--
INFO: Run Behavior\WriteHtmlCacheBehavior [ RunTime:0.001648s ]
INFO: [ view_filter ] --END-- [ RunTime:0.001900s ]
INFO: [ app_end ] --START--
INFO: Run Behavior\ShowPageTraceBehavior [ RunTime:0.003425s ]
INFO: [ app_end ] --END-- [ RunTime:0.004092s ]

[ 2017-05-18T18:24:27+08:00 ] 127.0.0.1 /Demo/Admin/User/user_new.html
INFO: [ app_init ] --START--
INFO: Run Behavior\BuildLiteBehavior [ RunTime:0.000090s ]
INFO: [ app_init ] --END-- [ RunTime:0.001362s ]
INFO: [ app_begin ] --START--
INFO: Run Behavior\ReadHtmlCacheBehavior [ RunTime:0.002541s ]
INFO: [ app_begin ] --END-- [ RunTime:0.002939s ]
SQL: SHOW COLUMNS FROM `w_users` [ RunTime:0.0019s ]
SQL: SELECT * FROM `w_users` WHERE ( id=1 ) LIMIT 1   [ RunTime:0.0007s ]
INFO: [ view_parse ] --START--
INFO: Run Behavior\ParseTemplateBehavior [ RunTime:0.030907s ]
INFO: [ view_parse ] --END-- [ RunTime:0.031213s ]
INFO: [ view_filter ] --START--
INFO: Run Behavior\WriteHtmlCacheBehavior [ RunTime:0.001042s ]
INFO: [ view_filter ] --END-- [ RunTime:0.001406s ]
INFO: [ app_end ] --START--
INFO: Run Behavior\ShowPageTraceBehavior [ RunTime:0.002188s ]
INFO: [ app_end ] --END-- [ RunTime:0.002834s ]

[ 2017-05-18T18:32:20+08:00 ] 127.0.0.1 /Demo/Admin/User/users.html
INFO: [ app_init ] --START--
INFO: Run Behavior\BuildLiteBehavior [ RunTime:0.000059s ]
INFO: [ app_init ] --END-- [ RunTime:0.001427s ]
INFO: [ app_begin ] --START--
INFO: Run Behavior\ReadHtmlCacheBehavior [ RunTime:0.001969s ]
INFO: [ app_begin ] --END-- [ RunTime:0.002326s ]
SQL: SHOW COLUMNS FROM `w_users` [ RunTime:0.0015s ]
SQL: SELECT * FROM `w_users` WHERE ( id=1 ) LIMIT 1   [ RunTime:0.0008s ]
SQL: SELECT * FROM `w_users` WHERE `w_user_level` < '10'  [ RunTime:0.0005s ]
INFO: [ view_parse ] --START--
INFO: Run Behavior\ParseTemplateBehavior [ RunTime:0.032607s ]
INFO: [ view_parse ] --END-- [ RunTime:0.032885s ]
INFO: [ view_filter ] --START--
INFO: Run Behavior\WriteHtmlCacheBehavior [ RunTime:0.000885s ]
INFO: [ view_filter ] --END-- [ RunTime:0.001116s ]
INFO: [ app_end ] --START--
INFO: Run Behavior\ShowPageTraceBehavior [ RunTime:0.002978s ]
INFO: [ app_end ] --END-- [ RunTime:0.004268s ]

[ 2017-05-18T18:32:23+08:00 ] 127.0.0.1 /Demo/Admin/User/user_edit.html?id=40
INFO: [ app_init ] --START--
INFO: Run Behavior\BuildLiteBehavior [ RunTime:0.000172s ]
INFO: [ app_init ] --END-- [ RunTime:0.001686s ]
INFO: [ app_begin ] --START--
INFO: Run Behavior\ReadHtmlCacheBehavior [ RunTime:0.002089s ]
INFO: [ app_begin ] --END-- [ RunTime:0.002424s ]
SQL: SHOW COLUMNS FROM `w_users` [ RunTime:0.0016s ]
SQL: SELECT * FROM `w_users` WHERE ( id=1 ) LIMIT 1   [ RunTime:0.0007s ]
SQL: SELECT * FROM `w_users` WHERE ( id=40 ) LIMIT 1   [ RunTime:0.0006s ]
INFO: [ view_parse ] --START--
INFO: Run Behavior\ParseTemplateBehavior [ RunTime:0.028949s ]
INFO: [ view_parse ] --END-- [ RunTime:0.029208s ]
INFO: [ view_filter ] --START--
INFO: Run Behavior\WriteHtmlCacheBehavior [ RunTime:0.001129s ]
INFO: [ view_filter ] --END-- [ RunTime:0.001368s ]
INFO: [ app_end ] --START--
INFO: Run Behavior\ShowPageTraceBehavior [ RunTime:0.002086s ]
INFO: [ app_end ] --END-- [ RunTime:0.002496s ]

[ 2017-05-18T19:44:13+08:00 ] 127.0.0.1 /Demo/Admin/User/user_edit.html?id=40
INFO: [ app_init ] --START--
INFO: Run Behavior\BuildLiteBehavior [ RunTime:0.000050s ]
INFO: [ app_init ] --END-- [ RunTime:0.000956s ]
INFO: [ app_begin ] --START--
INFO: Run Behavior\ReadHtmlCacheBehavior [ RunTime:0.002033s ]
INFO: [ app_begin ] --END-- [ RunTime:0.002351s ]
SQL: SHOW COLUMNS FROM `w_users` [ RunTime:0.0021s ]
SQL: SELECT * FROM `w_users` WHERE ( id=1 ) LIMIT 1   [ RunTime:0.0014s ]
SQL: SELECT * FROM `w_users` WHERE ( id=40 ) LIMIT 1   [ RunTime:0.0006s ]
INFO: [ view_parse ] --START--
INFO: Run Behavior\ParseTemplateBehavior [ RunTime:0.036725s ]
INFO: [ view_parse ] --END-- [ RunTime:0.037225s ]
INFO: [ view_filter ] --START--
INFO: Run Behavior\WriteHtmlCacheBehavior [ RunTime:0.001463s ]
INFO: [ view_filter ] --END-- [ RunTime:0.001809s ]
INFO: [ app_end ] --START--
INFO: Run Behavior\ShowPageTraceBehavior [ RunTime:0.001882s ]
INFO: [ app_end ] --END-- [ RunTime:0.002209s ]

