[ 2017-06-14T14:53:08+08:00 ] 127.0.0.1 /taobaoke/admin
INFO: [ app_init ] --START--
INFO: Run Behavior\BuildLiteBehavior [ RunTime:0.000063s ]
INFO: [ app_init ] --END-- [ RunTime:0.003159s ]
INFO: [ app_begin ] --START--
INFO: Run Behavior\ReadHtmlCacheBehavior [ RunTime:0.001626s ]
INFO: [ app_begin ] --END-- [ RunTime:0.001976s ]

[ 2017-06-14T14:53:10+08:00 ] 127.0.0.1 /taobaoke/admin/index/login.html
INFO: [ app_init ] --START--
INFO: Run Behavior\BuildLiteBehavior [ RunTime:0.000052s ]
INFO: [ app_init ] --END-- [ RunTime:0.000908s ]
INFO: [ app_begin ] --START--
INFO: Run Behavior\ReadHtmlCacheBehavior [ RunTime:0.001072s ]
INFO: [ app_begin ] --END-- [ RunTime:0.001524s ]
INFO: [ view_parse ] --START--
INFO: Run Behavior\ParseTemplateBehavior [ RunTime:0.036001s ]
INFO: [ view_parse ] --END-- [ RunTime:0.036848s ]
INFO: [ view_filter ] --START--
INFO: Run Behavior\WriteHtmlCacheBehavior [ RunTime:0.002023s ]
INFO: [ view_filter ] --END-- [ RunTime:0.002745s ]
INFO: [ app_end ] --START--
INFO: Run Behavior\ShowPageTraceBehavior [ RunTime:0.002493s ]
INFO: [ app_end ] --END-- [ RunTime:0.003042s ]

[ 2017-06-14T14:53:36+08:00 ] 127.0.0.1 /taobaoke/admin/index/login_submit
INFO: [ app_init ] --START--
INFO: Run Behavior\BuildLiteBehavior [ RunTime:0.000051s ]
INFO: [ app_init ] --END-- [ RunTime:0.000860s ]
INFO: [ app_begin ] --START--
INFO: Run Behavior\ReadHtmlCacheBehavior [ RunTime:0.001110s ]
INFO: [ app_begin ] --END-- [ RunTime:0.001322s ]
SQL: SHOW COLUMNS FROM `w_users` [ RunTime:0.0125s ]
SQL: SELECT * FROM `w_users` WHERE ( user_login="admin" ) LIMIT 1   [ RunTime:0.0009s ]
INFO: [ app_end ] --START--
INFO: Run Behavior\ShowPageTraceBehavior [ RunTime:0.001391s ]
INFO: [ app_end ] --END-- [ RunTime:0.001612s ]

[ 2017-06-14T14:53:39+08:00 ] 127.0.0.1 /taobaoke/admin/index/login_submit
INFO: [ app_init ] --START--
INFO: Run Behavior\BuildLiteBehavior [ RunTime:0.000050s ]
INFO: [ app_init ] --END-- [ RunTime:0.000882s ]
INFO: [ app_begin ] --START--
INFO: Run Behavior\ReadHtmlCacheBehavior [ RunTime:0.001028s ]
INFO: [ app_begin ] --END-- [ RunTime:0.001295s ]
SQL: SHOW COLUMNS FROM `w_users` [ RunTime:0.0035s ]
SQL: SELECT * FROM `w_users` WHERE ( user_login="admin" ) LIMIT 1   [ RunTime:0.0005s ]
INFO: [ app_end ] --START--
INFO: Run Behavior\ShowPageTraceBehavior [ RunTime:0.001001s ]
INFO: [ app_end ] --END-- [ RunTime:0.001209s ]

[ 2017-06-14T14:53:59+08:00 ] 127.0.0.1 /taobaoke/admin/index/login_submit
INFO: [ app_init ] --START--
INFO: Run Behavior\BuildLiteBehavior [ RunTime:0.000052s ]
INFO: [ app_init ] --END-- [ RunTime:0.001014s ]
INFO: [ app_begin ] --START--
INFO: Run Behavior\ReadHtmlCacheBehavior [ RunTime:0.000932s ]
INFO: [ app_begin ] --END-- [ RunTime:0.001157s ]
SQL: SHOW COLUMNS FROM `w_users` [ RunTime:0.0036s ]
SQL: SELECT * FROM `w_users` WHERE ( user_login="admin" ) LIMIT 1   [ RunTime:0.0005s ]
SQL: SHOW COLUMNS FROM `w_logs` [ RunTime:0.0062s ]
NOTIC: [8] Undefined index: validate D:\wamp64\www\taobaoke\ThinkPHP\Library\Think\Model.class.php 第 1185 行.
NOTIC: [8] Undefined index: auto D:\wamp64\www\taobaoke\ThinkPHP\Library\Think\Model.class.php 第 1128 行.
SQL: INSERT INTO `w_logs` (`user_id`,`login_time`,`login_ip`,`login_referer`) VALUES ('1','1497423239','127.0.0.1','http://127.0.0.1/taobaoke/admin/index/login.html') [ RunTime:0.0025s ]
INFO: [ app_end ] --START--
INFO: Run Behavior\ShowPageTraceBehavior [ RunTime:0.001066s ]
INFO: [ app_end ] --END-- [ RunTime:0.001292s ]

[ 2017-06-14T14:53:59+08:00 ] 127.0.0.1 /taobaoke/admin/index
INFO: [ app_init ] --START--
INFO: Run Behavior\BuildLiteBehavior [ RunTime:0.000054s ]
INFO: [ app_init ] --END-- [ RunTime:0.000941s ]
INFO: [ app_begin ] --START--
INFO: Run Behavior\ReadHtmlCacheBehavior [ RunTime:0.001450s ]
INFO: [ app_begin ] --END-- [ RunTime:0.001986s ]
SQL: SHOW COLUMNS FROM `w_users` [ RunTime:0.0037s ]
SQL: SELECT * FROM `w_users` WHERE ( id=1 ) LIMIT 1   [ RunTime:0.0008s ]
SQL: SHOW COLUMNS FROM `w_pages` [ RunTime:0.0067s ]
SQL: SELECT `user_nickname`,`page_id`,`page_title`,`page_time` FROM `w_pages` INNER JOIN w_users on w_users.ID=w_pages.page_author  WHERE `page_status` = 'open' AND `w_user_level` <= '10' ORDER BY page_time desc LIMIT 0,5   [ RunTime:0.0014s ]
SQL: SELECT COUNT(*) AS tp_count FROM `w_pages` WHERE `page_status` = 'open' LIMIT 1   [ RunTime:0.0009s ]
SQL: SHOW COLUMNS FROM `w_post` [ RunTime:0.0053s ]
SQL: SELECT w_post.ID as id,`post_date`,`post_title`,`user_nickname`,`post_status` FROM `w_post` INNER JOIN w_users on w_users.ID=w_post.post_author  WHERE `post_type_delete` = 'open' AND `post_status` = 'publish' AND `post_author` <= '1' ORDER BY post_date desc LIMIT 0,5   [ RunTime:0.0006s ]
SQL: SELECT COUNT(*) AS tp_count FROM `w_post` WHERE `post_type_delete` = 'open' AND `post_status` = 'publish' AND `post_author` <= '1' LIMIT 1   [ RunTime:0.0004s ]
SQL: SHOW COLUMNS FROM `w_logs` [ RunTime:0.0030s ]
SQL: SELECT w_logs.*,user_nickname as name FROM `w_logs` LEFT JOIN w_users on w_users.ID=w_logs.user_id  ORDER BY login_time desc LIMIT 0,5   [ RunTime:0.0012s ]
SQL: SELECT COUNT(*) AS tp_count FROM `w_logs` LIMIT 1   [ RunTime:0.0010s ]
INFO: [ view_parse ] --START--
INFO: Run Behavior\ParseTemplateBehavior [ RunTime:0.042186s ]
INFO: [ view_parse ] --END-- [ RunTime:0.042491s ]
INFO: [ view_filter ] --START--
INFO: Run Behavior\WriteHtmlCacheBehavior [ RunTime:0.000963s ]
INFO: [ view_filter ] --END-- [ RunTime:0.001259s ]
INFO: [ app_end ] --START--
INFO: Run Behavior\ShowPageTraceBehavior [ RunTime:0.001093s ]
INFO: [ app_end ] --END-- [ RunTime:0.001537s ]

[ 2017-06-14T14:54:02+08:00 ] 127.0.0.1 /taobaoke/Admin/Tao/tao_new.html
INFO: [ app_init ] --START--
INFO: Run Behavior\BuildLiteBehavior [ RunTime:0.000052s ]
INFO: [ app_init ] --END-- [ RunTime:0.000942s ]
INFO: [ app_begin ] --START--
INFO: Run Behavior\ReadHtmlCacheBehavior [ RunTime:0.001206s ]
INFO: [ app_begin ] --END-- [ RunTime:0.001480s ]
SQL: SHOW COLUMNS FROM `w_users` [ RunTime:0.0035s ]
SQL: SELECT * FROM `w_users` WHERE ( id=1 ) LIMIT 1   [ RunTime:0.0005s ]
INFO: [ view_parse ] --START--
NOTIC: [8] Undefined index: level D:\wamp64\www\taobaoke\app\Runtime\Cache\93062007ff48726d23dc1438c0581370532155d4.file.header.tpl.php 第 255 行.
NOTIC: [8] Trying to get property of non-object D:\wamp64\www\taobaoke\app\Runtime\Cache\93062007ff48726d23dc1438c0581370532155d4.file.header.tpl.php 第 255 行.
NOTIC: [8] Undefined index: level D:\wamp64\www\taobaoke\app\Runtime\Cache\93062007ff48726d23dc1438c0581370532155d4.file.header.tpl.php 第 283 行.
NOTIC: [8] Trying to get property of non-object D:\wamp64\www\taobaoke\app\Runtime\Cache\93062007ff48726d23dc1438c0581370532155d4.file.header.tpl.php 第 283 行.
INFO: Run Behavior\ParseTemplateBehavior [ RunTime:0.025106s ]
INFO: [ view_parse ] --END-- [ RunTime:0.025381s ]
INFO: [ view_filter ] --START--
INFO: Run Behavior\WriteHtmlCacheBehavior [ RunTime:0.000877s ]
INFO: [ view_filter ] --END-- [ RunTime:0.001127s ]
INFO: [ app_end ] --START--
INFO: Run Behavior\ShowPageTraceBehavior [ RunTime:0.001788s ]
INFO: [ app_end ] --END-- [ RunTime:0.002187s ]

[ 2017-06-14T14:54:13+08:00 ] 127.0.0.1 /taobaoke/Admin/Tao/import_data
INFO: [ app_init ] --START--
INFO: Run Behavior\BuildLiteBehavior [ RunTime:0.000098s ]
INFO: [ app_init ] --END-- [ RunTime:0.001933s ]
INFO: [ app_begin ] --START--
INFO: Run Behavior\ReadHtmlCacheBehavior [ RunTime:0.001234s ]
INFO: [ app_begin ] --END-- [ RunTime:0.001622s ]
SQL: SHOW COLUMNS FROM `w_users` [ RunTime:0.0032s ]
SQL: SELECT * FROM `w_users` WHERE ( id=1 ) LIMIT 1   [ RunTime:0.0005s ]
SQL: SHOW COLUMNS FROM `tao` [ RunTime:0.0052s ]
NOTIC: [8] Undefined offset: 22 D:\wamp64\www\taobaoke\app\Admin\Controller\TaoController.class.php 第 110 行.
SQL: INSERT INTO `tao` (`add_time`,`goods_id`,`goods_name`,`goods_thumbnail`,`goods_detail`,`shop_name`,`goods_price`,`goods_sell`,`income`,`commission`,`seller_name`,`tao_link`,`tao_link2`,`tao_word`,`coupon_number`,`coupon_rest`,`coupon_denomination`,`start_time`,`end_time`,`coupon_link2`,`coupon_word`,`coupon_link`,`is_marketing`,`plan`) VALUES ('1497423252','543343791882','腾骏体育耐克Air Max气垫黑武士男子篮球鞋866071-001 600 400','http://img.alicdn.com/bao/uploaded/i4/25555523/TB2Fnb0cSFmpuFjSZFrXXayOXXa_!!25555523.jpg','http://item.taobao.com/item.htm?id=543343791882','腾骏体育','399','114','5','19.95','hly00829','https://s.click.taobao.com/keei1ow','https://s.click.taobao.com/t?e=m%3D2%26s%3Dk8eUo%2Fr0Vk0cQipKwQzePOeEDrYVVa64LKpWJ%2Bin0XLjf2vlNIV67l7djzOdLpHnUkCu4LW4fHWmwl2poD%2F5TwxD85taP8M8PlMMSzkvM2osaUkz6wSVwkXtOsimQfJy6x%2Faj1GAisSj1JI6dMUk0IC7bXmT9mFgomfkDJRs%2BhU%3D&pvid=11_219.156.96.179_14040_1493573801114','￥dtrAIfPCoC￥','10000','10000','满399元减5元','2017-05-01','2017-05-05','https://uland.taobao.com/coupon/edetail?e=SPr7XuUsijLzX1yJ4zwwtjAV1NHA5kWzn9RyNuir2EenZU3%2BDhcr67tLmdOqMMWW%2FoPBQPeCtn%2FbnOEzyMbPfgPbfjxGQb3QoUC34ijeiBvCwuedl9%2BkytVgGOVdqVValMOpHkvFZXf%2BtudvMuQIU30hwotKhPdI&pid=mm_44012812_10462120_34590122&af=1','￥UFf0IfPrGk￥','https://s.click.taobao.com/6uci1ow','否',NULL) [ RunTime:0.0038s ]
NOTIC: [8] Undefined offset: 22 D:\wamp64\www\taobaoke\app\Admin\Controller\TaoController.class.php 第 110 行.
SQL: INSERT INTO `tao` (`add_time`,`goods_id`,`goods_name`,`goods_thumbnail`,`goods_detail`,`shop_name`,`goods_price`,`goods_sell`,`income`,`commission`,`seller_name`,`tao_link`,`tao_link2`,`tao_word`,`coupon_number`,`coupon_rest`,`coupon_denomination`,`start_time`,`end_time`,`coupon_link2`,`coupon_word`,`coupon_link`,`is_marketing`,`plan`) VALUES ('1497423252','547547652852','NIKE AIR MAX EMERGENT 男子缓震实战运动篮球鞋818954-001/100','http://img.alicdn.com/bao/uploaded/i2/TB1l8RzQpXXXXalaXXXXXXXXXXX_!!0-item_pic.jpg','http://item.taobao.com/item.htm?id=547547652852','徐氏运动专营店','399','47','2','7.98','徐氏运动专营店','https://s.click.taobao.com/61Xi1ow','https://s.click.taobao.com/t?e=m%3D2%26s%3DmGrq11QlegIcQipKwQzePOeEDrYVVa64K7Vc7tFgwiHjf2vlNIV67l7djzOdLpHnUkCu4LW4fHWmwl2poD%2F5TwxD85taP8M8PlMMSzkvM2o9BIsV7dMwwO1j6DMDjykCTgEJzapBilqhnrs%2B8Qwmlx14hts14jBHxiXvDf8DaRs%3D&pvid=11_219.156.96.179_14040_1493573801114','￥65ivIfPy2A￥','8000','2400','满199元减10元','2016-11-03','2017-05-03','https://uland.taobao.com/coupon/edetail?e=FaAtlJ4sJ2fzX1yJ4zwwtjAV1NHA5kWzn9RyNuir2EenZU3%2BDhcr67tLmdOqMMWWhWuiPb8zJp2lI4MWPd%2BwtwPbfjxGQb3QoUC34ijeiBvCwuedl9%2BkytVgGOVdqVValMOpHkvFZXf%2BtudvMuQIU30hwotKhPdI&pid=mm_44012812_10462120_34590122&af=1','￥FnAhIfPJlX￥','https://s.click.taobao.com/jeei1ow','否',NULL) [ RunTime:0.0022s ]
NOTIC: [8] Undefined offset: 22 D:\wamp64\www\taobaoke\app\Admin\Controller\TaoController.class.php 第 110 行.
SQL: INSERT INTO `tao` (`add_time`,`goods_id`,`goods_name`,`goods_thumbnail`,`goods_detail`,`shop_name`,`goods_price`,`goods_sell`,`income`,`commission`,`seller_name`,`tao_link`,`tao_link2`,`tao_word`,`coupon_number`,`coupon_rest`,`coupon_denomination`,`start_time`,`end_time`,`coupon_link2`,`coupon_word`,`coupon_link`,`is_marketing`,`plan`) VALUES ('1497423252','542659425742','李宁篮球鞋男鞋2017新款韦德之道5队尚4高帮透气运动鞋男ABAM011','http://img.alicdn.com/bao/uploaded/i2/TB1_NuFQVXXXXX1aXXXXXXXXXXX_!!0-item_pic.jpg','http://item.taobao.com/item.htm?id=542659425742','文钺运动专营店','379','1132','2.5','9.48','文钺运动专营店','https://s.click.taobao.com/nPei1ow','https://s.click.taobao.com/t?e=m%3D2%26s%3DyaO%2FYBpfXJ8cQipKwQzePOeEDrYVVa64K7Vc7tFgwiHjf2vlNIV67l7djzOdLpHnUkCu4LW4fHWmwl2poD%2F5TwxD85taP8M8PlMMSzkvM2osaUkz6wSVwvqWecQm7%2BONjwkmPJ6vE%2F3C5QPGagz%2FggMn3R%2F1BLYpxg5p7bh%2BFbQ%3D&pvid=11_219.156.96.179_14040_1493573801114','￥7S03IfPHEM￥','100000','99854','满278元减20元','2017-04-29','2017-05-31','https://uland.taobao.com/coupon/edetail?e=XIrqt5YiJWrzX1yJ4zwwtjAV1NHA5kWzn9RyNuir2EenZU3%2BDhcr67tLmdOqMMWWJQzEXpyeS8xbxK8dimr4IQPbfjxGQb3QoUC34ijeiBvCwuedl9%2BkytVgGOVdqVValMOpHkvFZXf%2BtudvMuQIU30hwotKhPdI&pid=mm_44012812_10462120_34590122&af=1','￥cM3EIfPIGt￥','https://s.click.taobao.com/bpZi1ow','否',NULL) [ RunTime:0.0020s ]
NOTIC: [8] Undefined offset: 22 D:\wamp64\www\taobaoke\app\Admin\Controller\TaoController.class.php 第 110 行.
SQL: INSERT INTO `tao` (`add_time`,`goods_id`,`goods_name`,`goods_thumbnail`,`goods_detail`,`shop_name`,`goods_price`,`goods_sell`,`income`,`commission`,`seller_name`,`tao_link`,`tao_link2`,`tao_word`,`coupon_number`,`coupon_rest`,`coupon_denomination`,`start_time`,`end_time`,`coupon_link2`,`coupon_word`,`coupon_link`,`is_marketing`,`plan`) VALUES ('1497423252','543331923932','李宁篮球鞋韦德之道5 WADE ALL DAY全天1.5云减震运动鞋男ABAM003','http://img.alicdn.com/bao/uploaded/i1/TB15RDrPpXXXXa0XXXXXXXXXXXX_!!0-item_pic.jpg','http://item.taobao.com/item.htm?id=543331923932','建正运动专营店','298','627','2','5.96','建正运动专营店','https://s.click.taobao.com/c0Vi1ow','https://s.click.taobao.com/t?e=m%3D2%26s%3DN8nUxXbxm5ccQipKwQzePOeEDrYVVa64K7Vc7tFgwiHjf2vlNIV67l7djzOdLpHnUkCu4LW4fHWmwl2poD%2F5TwxD85taP8M8PlMMSzkvM2om8xF2uUylYxo60nGBcg0K9N4yPmY5Sykn2JWmzV%2BiSYT19172v05gxg5p7bh%2BFbQ%3D&pvid=11_219.156.96.179_14040_1493573801114','￥8qdVIfPCX4￥','0','0','无','','','',NULL,NULL,'否',NULL) [ RunTime:0.0019s ]
NOTIC: [8] Undefined offset: 22 D:\wamp64\www\taobaoke\app\Admin\Controller\TaoController.class.php 第 110 行.
SQL: INSERT INTO `tao` (`add_time`,`goods_id`,`goods_name`,`goods_thumbnail`,`goods_detail`,`shop_name`,`goods_price`,`goods_sell`,`income`,`commission`,`seller_name`,`tao_link`,`tao_link2`,`tao_word`,`coupon_number`,`coupon_rest`,`coupon_denomination`,`start_time`,`end_time`,`coupon_link2`,`coupon_word`,`coupon_link`,`is_marketing`,`plan`) VALUES ('1497423252','42689118247','鸿星尔克篮球鞋男夏季男鞋时尚休闲鞋低帮透气耐磨战靴白色运动鞋','http://img.alicdn.com/bao/uploaded/i4/TB1zOIDMVXXXXaoXFXXXXXXXXXX_!!0-item_pic.jpg','http://item.taobao.com/item.htm?id=42689118247','鸿星尔克悠购专卖店','159','358','10.5','16.7','鸿星尔克悠购专卖店','https://s.click.taobao.com/W2Yi1ow','https://s.click.taobao.com/t?e=m%3D2%26s%3DxWPibIr3n1YcQipKwQzePOeEDrYVVa64K7Vc7tFgwiHjf2vlNIV67l7djzOdLpHnUkCu4LW4fHWmwl2poD%2F5TwxD85taP8M8PlMMSzkvM2osaUkz6wSVwpvDGLcfD5hV4lih7S%2FJEbW6cGwDdjqR5PfNxNIMRDxgxiXvDf8DaRs%3D&pvid=11_219.156.96.179_14040_1493573801114','￥sYeqIfPxnu￥','10000','9766','满159元减30元','2017-04-29','2017-05-01','https://uland.taobao.com/coupon/edetail?e=hEq57DiObQ3zX1yJ4zwwtjAV1NHA5kWzn9RyNuir2EenZU3%2BDhcr67tLmdOqMMWWrhfFwyekmuWIGkc%2BPn215khHsiem01b214t9QUPD0Gb2FRNLAaNR0rpsscKVggzi6AN22IcNLL7R7dynLE6DMPecAKBL16Xp&pid=mm_44012812_10462120_34590122&af=1','￥dX05IfPyda￥','https://s.click.taobao.com/9ZYi1ow','否',NULL) [ RunTime:0.0021s ]
NOTIC: [8] Undefined offset: 22 D:\wamp64\www\taobaoke\app\Admin\Controller\TaoController.class.php 第 110 行.
SQL: INSERT INTO `tao` (`add_time`,`goods_id`,`goods_name`,`goods_thumbnail`,`goods_detail`,`shop_name`,`goods_price`,`goods_sell`,`income`,`commission`,`seller_name`,`tao_link`,`tao_link2`,`tao_word`,`coupon_number`,`coupon_rest`,`coupon_denomination`,`start_time`,`end_time`,`coupon_link2`,`coupon_word`,`coupon_link`,`is_marketing`,`plan`) VALUES ('1497423252','536945745767','peak匹克篮球鞋男鞋高帮球鞋学生夏季新款透气网面低帮战靴运动鞋','http://img.alicdn.com/bao/uploaded/i1/TB19ialQVXXXXXwaXXXXXXXXXXX_!!0-item_pic.jpg','http://item.taobao.com/item.htm?id=536945745767','天宏运动专营店','229','553','10.5','24.05','天宏运动专营店','https://s.click.taobao.com/pLai1ow','https://s.click.taobao.com/t?e=m%3D2%26s%3D6GbqjdYUQnYcQipKwQzePOeEDrYVVa64K7Vc7tFgwiHjf2vlNIV67l7djzOdLpHnUkCu4LW4fHWmwl2poD%2F5TwxD85taP8M8PlMMSzkvM2om8xF2uUylY3ACbLN23vG9ouj4Z5hlae4x81AGaoNwrWOCL%2Bfpqdlhxg5p7bh%2BFbQ%3D&pvid=11_219.156.96.179_14040_1493573801114','￥Vb9nIfPv4s￥','100000','82917','满199元减10元','2016-12-19','2017-06-19','https://uland.taobao.com/coupon/edetail?e=8RyCRW4cFafzX1yJ4zwwtjAV1NHA5kWzn9RyNuir2EenZU3%2BDhcr67tLmdOqMMWW36v3Kg0MZM8vqMWu%2FSbsRAPbfjxGQb3QoUC34ijeiBvCwuedl9%2BkytVgGOVdqVValMOpHkvFZXf%2BtudvMuQIU30hwotKhPdI&pid=mm_44012812_10462120_34590122&af=1','￥ATsjIfPBqE￥','https://s.click.taobao.com/AHXi1ow','否',NULL) [ RunTime:0.0016s ]
NOTIC: [8] Undefined offset: 22 D:\wamp64\www\taobaoke\app\Admin\Controller\TaoController.class.php 第 110 行.
SQL: INSERT INTO `tao` (`add_time`,`goods_id`,`goods_name`,`goods_thumbnail`,`goods_detail`,`shop_name`,`goods_price`,`goods_sell`,`income`,`commission`,`seller_name`,`tao_link`,`tao_link2`,`tao_word`,`coupon_number`,`coupon_rest`,`coupon_denomination`,`start_time`,`end_time`,`coupon_link2`,`coupon_word`,`coupon_link`,`is_marketing`,`plan`) VALUES ('1497423252','528852310991','匹克篮球鞋2017春季正品运动鞋子男高帮防滑耐磨战靴夏季透气男鞋','http://img.alicdn.com/bao/uploaded/i3/TB1iNiyQVXXXXbmXFXXXXXXXXXX_!!0-item_pic.jpg','http://item.taobao.com/item.htm?id=528852310991','速霸运动户外专营店','159','916','10.5','16.7','速霸运动户外专营店','https://s.click.taobao.com/Eedi1ow','https://s.click.taobao.com/t?e=m%3D2%26s%3D4nQ3qj08Ek4cQipKwQzePOeEDrYVVa64K7Vc7tFgwiHjf2vlNIV67l7djzOdLpHnUkCu4LW4fHWmwl2poD%2F5TwxD85taP8M8PlMMSzkvM2osaUkz6wSVwkzMZwAR0JwRwC5wD8mGS5qCOeeAHsRaeWjeE34UPyodxg5p7bh%2BFbQ%3D&pvid=11_219.156.96.179_14040_1493573801114','￥EAGqIfPtDk￥','10000','7235','满159元减10元','2017-04-01','2017-07-31','https://uland.taobao.com/coupon/edetail?e=NNGKdy2%2Bt9jzX1yJ4zwwtjAV1NHA5kWzn9RyNuir2EenZU3%2BDhcr67tLmdOqMMWW4VybFo8YtJolD4ULYU5LngPbfjxGQb3QoUC34ijeiBvCwuedl9%2BkytVgGOVdqVValMOpHkvFZXf%2BtudvMuQIU30hwotKhPdI&pid=mm_44012812_10462120_34590122&af=1','￥SZtiIfPEO4￥','https://s.click.taobao.com/m3Zi1ow','否',NULL) [ RunTime:0.0017s ]
NOTIC: [8] Undefined offset: 22 D:\wamp64\www\taobaoke\app\Admin\Controller\TaoController.class.php 第 110 行.
SQL: INSERT INTO `tao` (`add_time`,`goods_id`,`goods_name`,`goods_thumbnail`,`goods_detail`,`shop_name`,`goods_price`,`goods_sell`,`income`,`commission`,`seller_name`,`tao_link`,`tao_link2`,`tao_word`,`coupon_number`,`coupon_rest`,`coupon_denomination`,`start_time`,`end_time`,`coupon_link2`,`coupon_word`,`coupon_link`,`is_marketing`,`plan`) VALUES ('1497423252','524792983779','匹克篮球鞋男鞋高帮2017夏季新款透气耐磨水泥地战靴学生运动鞋男','http://img.alicdn.com/bao/uploaded/i3/TB1cjDaQVXXXXXHaXXXXXXXXXXX_!!0-item_pic.jpg','http://item.taobao.com/item.htm?id=524792983779','匹克悠悠专卖店','219','1624','10.5','23','匹克悠悠专卖店','https://s.click.taobao.com/INbi1ow','https://s.click.taobao.com/t?e=m%3D2%26s%3Duo4LJNZOua4cQipKwQzePOeEDrYVVa64K7Vc7tFgwiHjf2vlNIV67l7djzOdLpHnUkCu4LW4fHWmwl2poD%2F5TwxD85taP8M8PlMMSzkvM2oGsJZskXELIuDO4kSTGynKTgEJzapBilrjOfy9WxqI8p3jkfjugPvxxiXvDf8DaRs%3D&pvid=11_219.156.96.179_14040_1493573801114','￥ghWhIfPwu3￥','5000','4769','满69元减20元','2017-04-27','2017-04-30','https://uland.taobao.com/coupon/edetail?e=Dlh1de60l4zzX1yJ4zwwtjAV1NHA5kWzn9RyNuir2EenZU3%2BDhcr67tLmdOqMMWWpeWl5V9xbN8K3R%2FQj0uwDQPbfjxGQb3QoUC34ijeiBvCwuedl9%2BkytVgGOVdqVValMOpHkvFZXf%2BtudvMuQIU30hwotKhPdI&pid=mm_44012812_10462120_34590122&af=1','￥G6x9IfPuyJ￥','https://s.click.taobao.com/9XXi1ow','否',NULL) [ RunTime:0.0018s ]
NOTIC: [8] Undefined offset: 22 D:\wamp64\www\taobaoke\app\Admin\Controller\TaoController.class.php 第 110 行.
SQL: INSERT INTO `tao` (`add_time`,`goods_id`,`goods_name`,`goods_thumbnail`,`goods_detail`,`shop_name`,`goods_price`,`goods_sell`,`income`,`commission`,`seller_name`,`tao_link`,`tao_link2`,`tao_word`,`coupon_number`,`coupon_rest`,`coupon_denomination`,`start_time`,`end_time`,`coupon_link2`,`coupon_word`,`coupon_link`,`is_marketing`,`plan`) VALUES ('1497423252','542852931262','乔丹篮球鞋男高帮2017新款夏季男鞋网面透气球鞋减震运动鞋男战靴','http://img.alicdn.com/bao/uploaded/i4/TB1iqifQVXXXXcjXVXXXXXXXXXX_!!0-item_pic.jpg','http://item.taobao.com/item.htm?id=542852931262','乔丹官方旗舰店','199','5098','2','3.98','乔丹官方旗舰店','https://s.click.taobao.com/GFVi1ow','https://s.click.taobao.com/t?e=m%3D2%26s%3D4Jpxt4S63CccQipKwQzePOeEDrYVVa64K7Vc7tFgwiHjf2vlNIV67l7djzOdLpHnJ7ATJSEv96%2Bmwl2poD%2F5TwxD85taP8M8PlMMSzkvM2orrEyjnyzNahmV8ss1bOM4TgEJzapBilqCUcw254VX4AcKApM4JLNmxiXvDf8DaRs%3D&pvid=11_219.156.96.179_14040_1493573801114','￥RS93IfPxhg￥','100000','75337','满199元减10元','2017-04-18','2017-07-31','https://uland.taobao.com/coupon/edetail?e=a8yeEQi8NH%2FzX1yJ4zwwtjAV1NHA5kWzn9RyNuir2EenZU3%2BDhcr67tLmdOqMMWWwnoSNXheH2YvtqCTOCf1xQPbfjxGQb3QoUC34ijeiBvCwuedl9%2BkytVgGOVdqVValMOpHkvFZXf%2BtudvMuQIU30hwotKhPdI&pid=mm_44012812_10462120_34590122&af=1','￥nLjcIfPIbW￥','https://s.click.taobao.com/I6ci1ow','否',NULL) [ RunTime:0.0020s ]
NOTIC: [8] Undefined offset: 22 D:\wamp64\www\taobaoke\app\Admin\Controller\TaoController.class.php 第 110 行.
SQL: INSERT INTO `tao` (`add_time`,`goods_id`,`goods_name`,`goods_thumbnail`,`goods_detail`,`shop_name`,`goods_price`,`goods_sell`,`income`,`commission`,`seller_name`,`tao_link`,`tao_link2`,`tao_word`,`coupon_number`,`coupon_rest`,`coupon_denomination`,`start_time`,`end_time`,`coupon_link2`,`coupon_word`,`coupon_link`,`is_marketing`,`plan`) VALUES ('1497423252','44535119050','匹克篮球鞋男低帮正品春夏季透气耐磨防滑战靴学生球鞋运动鞋男鞋','http://img.alicdn.com/bao/uploaded/i2/TB13DSlQpXXXXctXFXXXXXXXXXX_!!0-item_pic.jpg','http://item.taobao.com/item.htm?id=44535119050','匹克登峰专卖店','139','656','5.5','7.65','匹克登峰专卖店','https://s.click.taobao.com/EUUi1ow','https://s.click.taobao.com/t?e=m%3D2%26s%3DXoYgrgI2e5AcQipKwQzePOeEDrYVVa64K7Vc7tFgwiHjf2vlNIV67l7djzOdLpHnJ7ATJSEv96%2Bmwl2poD%2F5TwxD85taP8M8PlMMSzkvM2osaUkz6wSVwhLl2WDmjLCcDOh0Sxiix%2FSy6JPxMuO9XKbK5SL%2BW5xFxiXvDf8DaRs%3D&pvid=11_219.156.96.179_14040_1493573801114','￥aLhLIfPEOU￥','5000','4906','满99元减10元','2017-04-27','2017-05-31','https://uland.taobao.com/coupon/edetail?e=LfZdQ323KsvzX1yJ4zwwtjAV1NHA5kWzn9RyNuir2EenZU3%2BDhcr67tLmdOqMMWWHn64SnYp1vvU%2FSlKKXU3yEhHsiem01b214t9QUPD0Gb2FRNLAaNR0rpsscKVggzi6AN22IcNLL7R7dynLE6DMPecAKBL16Xp&pid=mm_44012812_10462120_34590122&af=1','￥X7CyIfPw5p￥','https://s.click.taobao.com/8XXi1ow','否',NULL) [ RunTime:0.0022s ]
NOTIC: [8] Undefined offset: 22 D:\wamp64\www\taobaoke\app\Admin\Controller\TaoController.class.php 第 110 行.
SQL: INSERT INTO `tao` (`add_time`,`goods_id`,`goods_name`,`goods_thumbnail`,`goods_detail`,`shop_name`,`goods_price`,`goods_sell`,`income`,`commission`,`seller_name`,`tao_link`,`tao_link2`,`tao_word`,`coupon_number`,`coupon_rest`,`coupon_denomination`,`start_time`,`end_time`,`coupon_link2`,`coupon_word`,`coupon_link`,`is_marketing`,`plan`) VALUES ('1497423252','540011280247','李宁篮球鞋男 春季韦德之道全城4代高帮CBA战靴减震运动鞋ABAL065','http://img.alicdn.com/bao/uploaded/i1/TB1BaCKQXXXXXbYaXXXXXXXXXXX_!!0-item_pic.jpg','http://item.taobao.com/item.htm?id=540011280247','西子运动专营店','269','1683','5.5','14.8','西子运动专营店','https://s.click.taobao.com/XpZi1ow','https://s.click.taobao.com/t?e=m%3D2%26s%3D4GH3VOGiHrEcQipKwQzePOeEDrYVVa64K7Vc7tFgwiHjf2vlNIV67l7djzOdLpHnJ7ATJSEv96%2Bmwl2poD%2F5TwxD85taP8M8PlMMSzkvM2o6%2FRkoTDc2zEQwDEF%2Fx4R%2BTgEJzapBilqRX5Eo%2B4jPuEX6D%2FLuTZiFxiXvDf8DaRs%3D&pvid=11_219.156.96.179_14040_1493573801114','￥28eaIfPByI￥','100000','60000','满99元减3元','2016-11-13','2017-05-01','https://uland.taobao.com/coupon/edetail?e=m2Hx45ljdRbzX1yJ4zwwtjAV1NHA5kWzn9RyNuir2EenZU3%2BDhcr67tLmdOqMMWWM6ZcBuTD%2FSI8yMOvUv2YdAPbfjxGQb3QoUC34ijeiBvCwuedl9%2BkytVgGOVdqVValMOpHkvFZXf%2BtudvMuQIU30hwotKhPdI&pid=mm_44012812_10462120_34590122&af=1','￥sNnDIfPt25￥','https://s.click.taobao.com/fEUi1ow','否',NULL) [ RunTime:0.0022s ]
NOTIC: [8] Undefined offset: 22 D:\wamp64\www\taobaoke\app\Admin\Controller\TaoController.class.php 第 110 行.
SQL: INSERT INTO `tao` (`add_time`,`goods_id`,`goods_name`,`goods_thumbnail`,`goods_detail`,`shop_name`,`goods_price`,`goods_sell`,`income`,`commission`,`seller_name`,`tao_link`,`tao_link2`,`tao_word`,`coupon_number`,`coupon_rest`,`coupon_denomination`,`start_time`,`end_time`,`coupon_link2`,`coupon_word`,`coupon_link`,`is_marketing`,`plan`) VALUES ('1497423252','41026325790','匹克篮球鞋男低帮2017春夏季学生透气耐磨轻便男士迷彩战靴运动鞋','http://img.alicdn.com/bao/uploaded/i4/TB1QWndQVXXXXb_XVXXXXXXXXXX_!!0-item_pic.jpg','http://item.taobao.com/item.htm?id=41026325790','匹克悠悠专卖店','169','1012','10.5','17.75','匹克悠悠专卖店','https://s.click.taobao.com/V2Yi1ow','https://s.click.taobao.com/t?e=m%3D2%26s%3D%2BKO4TWmsLsocQipKwQzePOeEDrYVVa64K7Vc7tFgwiHjf2vlNIV67l7djzOdLpHnJ7ATJSEv96%2Bmwl2poD%2F5TwxD85taP8M8PlMMSzkvM2oGsJZskXELIuDO4kSTGynKTgEJzapBilrwbEVm%2Bhxe%2BpPZT2tYzWMXomfkDJRs%2BhU%3D&pvid=11_219.156.96.179_14040_1493573801114','￥Xs8hIfPDY7￥','5000','4769','满69元减20元','2017-04-27','2017-04-30','https://uland.taobao.com/coupon/edetail?e=E5F9%2BE50bUDzX1yJ4zwwtjAV1NHA5kWzn9RyNuir2EenZU3%2BDhcr67tLmdOqMMWWsMdAag%2BtjDkJxy8aXngIaEhHsiem01b214t9QUPD0Gb2FRNLAaNR0rpsscKVggzi6AN22IcNLL7R7dynLE6DMPecAKBL16Xp&pid=mm_44012812_10462120_34590122&af=1','￥4UO3IfPE5p￥','https://s.click.taobao.com/6zVi1ow','否',NULL) [ RunTime:0.0015s ]
NOTIC: [8] Undefined offset: 22 D:\wamp64\www\taobaoke\app\Admin\Controller\TaoController.class.php 第 110 行.
SQL: INSERT INTO `tao` (`add_time`,`goods_id`,`goods_name`,`goods_thumbnail`,`goods_detail`,`shop_name`,`goods_price`,`goods_sell`,`income`,`commission`,`seller_name`,`tao_link`,`tao_link2`,`tao_word`,`coupon_number`,`coupon_rest`,`coupon_denomination`,`start_time`,`end_time`,`coupon_link2`,`coupon_word`,`coupon_link`,`is_marketing`,`plan`) VALUES ('1497423252','546092728837','夏季篮球鞋男高帮透气网面战靴防滑耐磨学生室外球鞋男士运动鞋子','http://img.alicdn.com/bao/uploaded/i1/2921362992/TB2QXWihQqvpuFjSZFhXXaOgXXa_!!2921362992.jpg','http://item.taobao.com/item.htm?id=546092728837','麦的豪体育名店','98','890','10','9.8','麦的豪企业直销店','https://s.click.taobao.com/6XXi1ow','https://s.click.taobao.com/t?e=m%3D2%26s%3Dt33CVWExcdkcQipKwQzePOeEDrYVVa64LKpWJ%2Bin0XLjf2vlNIV67l7djzOdLpHnJ7ATJSEv96%2Bmwl2poD%2F5TwxD85taP8M8PlMMSzkvM2osaUkz6wSVwnl%2BPLGuGfgY43ZTvCW0QqozwJYUpFdorQpnoc5qtS8Zxg5p7bh%2BFbQ%3D&pvid=11_219.156.96.179_14040_1493573801114','￥8mR3IfPtDl￥','0','0','无','','','',NULL,NULL,'否',NULL) [ RunTime:0.0043s ]
NOTIC: [8] Undefined offset: 22 D:\wamp64\www\taobaoke\app\Admin\Controller\TaoController.class.php 第 110 行.
SQL: INSERT INTO `tao` (`add_time`,`goods_id`,`goods_name`,`goods_thumbnail`,`goods_detail`,`shop_name`,`goods_price`,`goods_sell`,`income`,`commission`,`seller_name`,`tao_link`,`tao_link2`,`tao_word`,`coupon_number`,`coupon_rest`,`coupon_denomination`,`start_time`,`end_time`,`coupon_link2`,`coupon_word`,`coupon_link`,`is_marketing`,`plan`) VALUES ('1497423252','38371535169','乔丹篮球鞋男低帮男士运动鞋男鞋实战水泥地耐磨透气球鞋夏季战靴','http://img.alicdn.com/bao/uploaded/i1/TB111mDQVXXXXaWapXXXXXXXXXX_!!0-item_pic.jpg','http://item.taobao.com/item.htm?id=38371535169','乔丹探乐专卖店','169','4353','6.5','10.99','乔丹探乐专卖店','https://s.click.taobao.com/Uqbi1ow','https://s.click.taobao.com/t?e=m%3D2%26s%3Dk8hsQMOckgMcQipKwQzePOeEDrYVVa64K7Vc7tFgwiHjf2vlNIV67l7djzOdLpHnJ7ATJSEv96%2Bmwl2poD%2F5TwxD85taP8M8PlMMSzkvM2osaUkz6wSVwuGCXLuB6r%2BDwC5wD8mGS5p1LoF4MGr3%2FlstRGhDRyl0xiXvDf8DaRs%3D&pvid=11_219.156.96.179_14040_1493573801114','￥tlxDIfPDFn￥','999','207','满159元减10元','2017-04-29','2017-04-30','https://uland.taobao.com/coupon/edetail?e=obHm7rfmSznzX1yJ4zwwtjAV1NHA5kWzn9RyNuir2EenZU3%2BDhcr67tLmdOqMMWW1N%2Fc86UYOWsAJXRM0h0zG0hHsiem01b214t9QUPD0Gb2FRNLAaNR0rpsscKVggzi6AN22IcNLL7R7dynLE6DMPecAKBL16Xp&pid=mm_44012812_10462120_34590122&af=1','￥GR2uIfPyd1￥','https://s.click.taobao.com/7HXi1ow','否',NULL) [ RunTime:0.0020s ]

[ 2017-06-14T14:54:16+08:00 ] 127.0.0.1 /taobaoke/admin/tao/tao_new.html
INFO: [ app_init ] --START--
INFO: Run Behavior\BuildLiteBehavior [ RunTime:0.000097s ]
INFO: [ app_init ] --END-- [ RunTime:0.001612s ]
INFO: [ app_begin ] --START--
INFO: Run Behavior\ReadHtmlCacheBehavior [ RunTime:0.002032s ]
INFO: [ app_begin ] --END-- [ RunTime:0.002483s ]
SQL: SHOW COLUMNS FROM `w_users` [ RunTime:0.0035s ]
SQL: SELECT * FROM `w_users` WHERE ( id=1 ) LIMIT 1   [ RunTime:0.0006s ]
INFO: [ view_parse ] --START--
NOTIC: [8] Undefined index: level D:\wamp64\www\taobaoke\app\Runtime\Cache\93062007ff48726d23dc1438c0581370532155d4.file.header.tpl.php 第 255 行.
NOTIC: [8] Trying to get property of non-object D:\wamp64\www\taobaoke\app\Runtime\Cache\93062007ff48726d23dc1438c0581370532155d4.file.header.tpl.php 第 255 行.
NOTIC: [8] Undefined index: level D:\wamp64\www\taobaoke\app\Runtime\Cache\93062007ff48726d23dc1438c0581370532155d4.file.header.tpl.php 第 283 行.
NOTIC: [8] Trying to get property of non-object D:\wamp64\www\taobaoke\app\Runtime\Cache\93062007ff48726d23dc1438c0581370532155d4.file.header.tpl.php 第 283 行.
INFO: Run Behavior\ParseTemplateBehavior [ RunTime:0.029141s ]
INFO: [ view_parse ] --END-- [ RunTime:0.029411s ]
INFO: [ view_filter ] --START--
INFO: Run Behavior\WriteHtmlCacheBehavior [ RunTime:0.000864s ]
INFO: [ view_filter ] --END-- [ RunTime:0.001138s ]
INFO: [ app_end ] --START--
INFO: Run Behavior\ShowPageTraceBehavior [ RunTime:0.001677s ]
INFO: [ app_end ] --END-- [ RunTime:0.002109s ]

[ 2017-06-14T19:35:08+08:00 ] 127.0.0.1 /taobaoke/admin
INFO: [ app_init ] --START--
INFO: Run Behavior\BuildLiteBehavior [ RunTime:0.000058s ]
INFO: [ app_init ] --END-- [ RunTime:0.002749s ]
INFO: [ app_begin ] --START--
INFO: Run Behavior\ReadHtmlCacheBehavior [ RunTime:0.001679s ]
INFO: [ app_begin ] --END-- [ RunTime:0.001944s ]

[ 2017-06-14T19:35:10+08:00 ] 127.0.0.1 /taobaoke/admin/index/login.html
INFO: [ app_init ] --START--
INFO: Run Behavior\BuildLiteBehavior [ RunTime:0.000054s ]
INFO: [ app_init ] --END-- [ RunTime:0.000819s ]
INFO: [ app_begin ] --START--
INFO: Run Behavior\ReadHtmlCacheBehavior [ RunTime:0.000903s ]
INFO: [ app_begin ] --END-- [ RunTime:0.001163s ]
INFO: [ view_parse ] --START--
INFO: Run Behavior\ParseTemplateBehavior [ RunTime:0.030147s ]
INFO: [ view_parse ] --END-- [ RunTime:0.030445s ]
INFO: [ view_filter ] --START--
INFO: Run Behavior\WriteHtmlCacheBehavior [ RunTime:0.001494s ]
INFO: [ view_filter ] --END-- [ RunTime:0.001752s ]
INFO: [ app_end ] --START--
INFO: Run Behavior\ShowPageTraceBehavior [ RunTime:0.002421s ]
INFO: [ app_end ] --END-- [ RunTime:0.002685s ]

[ 2017-06-14T19:35:12+08:00 ] 127.0.0.1 /taobaoke/admin/index/login_submit
INFO: [ app_init ] --START--
INFO: Run Behavior\BuildLiteBehavior [ RunTime:0.000052s ]
INFO: [ app_init ] --END-- [ RunTime:0.000906s ]
INFO: [ app_begin ] --START--
INFO: Run Behavior\ReadHtmlCacheBehavior [ RunTime:0.001441s ]
INFO: [ app_begin ] --END-- [ RunTime:0.001683s ]
SQL: SHOW COLUMNS FROM `w_users` [ RunTime:0.0427s ]
SQL: SELECT * FROM `w_users` WHERE ( user_login="admin" ) LIMIT 1   [ RunTime:0.0047s ]
INFO: [ app_end ] --START--
INFO: Run Behavior\ShowPageTraceBehavior [ RunTime:0.001203s ]
INFO: [ app_end ] --END-- [ RunTime:0.001448s ]

[ 2017-06-14T19:35:20+08:00 ] 127.0.0.1 /taobaoke/admin/index/login_submit
INFO: [ app_init ] --START--
INFO: Run Behavior\BuildLiteBehavior [ RunTime:0.000052s ]
INFO: [ app_init ] --END-- [ RunTime:0.000825s ]
INFO: [ app_begin ] --START--
INFO: Run Behavior\ReadHtmlCacheBehavior [ RunTime:0.001061s ]
INFO: [ app_begin ] --END-- [ RunTime:0.001462s ]
SQL: SHOW COLUMNS FROM `w_users` [ RunTime:0.0051s ]
SQL: SELECT * FROM `w_users` WHERE ( user_login="admin" ) LIMIT 1   [ RunTime:0.0005s ]
SQL: SHOW COLUMNS FROM `w_logs` [ RunTime:0.0032s ]
NOTIC: [8] Undefined index: validate D:\wamp64\www\taobaoke\ThinkPHP\Library\Think\Model.class.php 第 1185 行.
NOTIC: [8] Undefined index: auto D:\wamp64\www\taobaoke\ThinkPHP\Library\Think\Model.class.php 第 1128 行.
SQL: INSERT INTO `w_logs` (`user_id`,`login_time`,`login_ip`,`login_referer`) VALUES ('1','1497440120','127.0.0.1','http://127.0.0.1/taobaoke/admin/index/login.html') [ RunTime:0.0097s ]
INFO: [ app_end ] --START--
INFO: Run Behavior\ShowPageTraceBehavior [ RunTime:0.000961s ]
INFO: [ app_end ] --END-- [ RunTime:0.001171s ]

[ 2017-06-14T19:35:20+08:00 ] 127.0.0.1 /taobaoke/admin/index
INFO: [ app_init ] --START--
INFO: Run Behavior\BuildLiteBehavior [ RunTime:0.000055s ]
INFO: [ app_init ] --END-- [ RunTime:0.000996s ]
INFO: [ app_begin ] --START--
INFO: Run Behavior\ReadHtmlCacheBehavior [ RunTime:0.000969s ]
INFO: [ app_begin ] --END-- [ RunTime:0.001262s ]
SQL: SHOW COLUMNS FROM `w_users` [ RunTime:0.0040s ]
SQL: SELECT * FROM `w_users` WHERE ( id=1 ) LIMIT 1   [ RunTime:0.0034s ]
SQL: SHOW COLUMNS FROM `w_pages` [ RunTime:0.0037s ]
SQL: SELECT `user_nickname`,`page_id`,`page_title`,`page_time` FROM `w_pages` INNER JOIN w_users on w_users.ID=w_pages.page_author  WHERE `page_status` = 'open' AND `w_user_level` <= '10' ORDER BY page_time desc LIMIT 0,5   [ RunTime:0.0044s ]
SQL: SELECT COUNT(*) AS tp_count FROM `w_pages` WHERE `page_status` = 'open' LIMIT 1   [ RunTime:0.0030s ]
SQL: SHOW COLUMNS FROM `w_post` [ RunTime:0.0043s ]
SQL: SELECT w_post.ID as id,`post_date`,`post_title`,`user_nickname`,`post_status` FROM `w_post` INNER JOIN w_users on w_users.ID=w_post.post_author  WHERE `post_type_delete` = 'open' AND `post_status` = 'publish' AND `post_author` <= '1' ORDER BY post_date desc LIMIT 0,5   [ RunTime:0.0009s ]
SQL: SELECT COUNT(*) AS tp_count FROM `w_post` WHERE `post_type_delete` = 'open' AND `post_status` = 'publish' AND `post_author` <= '1' LIMIT 1   [ RunTime:0.0005s ]
SQL: SHOW COLUMNS FROM `w_logs` [ RunTime:0.0032s ]
SQL: SELECT w_logs.*,user_nickname as name FROM `w_logs` LEFT JOIN w_users on w_users.ID=w_logs.user_id  ORDER BY login_time desc LIMIT 0,5   [ RunTime:0.0033s ]
SQL: SELECT COUNT(*) AS tp_count FROM `w_logs` LIMIT 1   [ RunTime:0.0007s ]
INFO: [ view_parse ] --START--
INFO: Run Behavior\ParseTemplateBehavior [ RunTime:0.035330s ]
INFO: [ view_parse ] --END-- [ RunTime:0.035642s ]
INFO: [ view_filter ] --START--
INFO: Run Behavior\WriteHtmlCacheBehavior [ RunTime:0.000914s ]
INFO: [ view_filter ] --END-- [ RunTime:0.001215s ]
INFO: [ app_end ] --START--
INFO: Run Behavior\ShowPageTraceBehavior [ RunTime:0.001377s ]
INFO: [ app_end ] --END-- [ RunTime:0.001662s ]

[ 2017-06-14T19:35:24+08:00 ] 127.0.0.1 /taobaoke/Admin/Tao/tao_new.html
INFO: [ app_init ] --START--
INFO: Run Behavior\BuildLiteBehavior [ RunTime:0.000051s ]
INFO: [ app_init ] --END-- [ RunTime:0.000844s ]
INFO: [ app_begin ] --START--
INFO: Run Behavior\ReadHtmlCacheBehavior [ RunTime:0.001048s ]
INFO: [ app_begin ] --END-- [ RunTime:0.001534s ]
SQL: SHOW COLUMNS FROM `w_users` [ RunTime:0.0037s ]
SQL: SELECT * FROM `w_users` WHERE ( id=1 ) LIMIT 1   [ RunTime:0.0005s ]
INFO: [ view_parse ] --START--
NOTIC: [8] Undefined index: level D:\wamp64\www\taobaoke\app\Runtime\Cache\93062007ff48726d23dc1438c0581370532155d4.file.header.tpl.php 第 255 行.
NOTIC: [8] Trying to get property of non-object D:\wamp64\www\taobaoke\app\Runtime\Cache\93062007ff48726d23dc1438c0581370532155d4.file.header.tpl.php 第 255 行.
NOTIC: [8] Undefined index: level D:\wamp64\www\taobaoke\app\Runtime\Cache\93062007ff48726d23dc1438c0581370532155d4.file.header.tpl.php 第 283 行.
NOTIC: [8] Trying to get property of non-object D:\wamp64\www\taobaoke\app\Runtime\Cache\93062007ff48726d23dc1438c0581370532155d4.file.header.tpl.php 第 283 行.
INFO: Run Behavior\ParseTemplateBehavior [ RunTime:0.026788s ]
INFO: [ view_parse ] --END-- [ RunTime:0.027470s ]
INFO: [ view_filter ] --START--
INFO: Run Behavior\WriteHtmlCacheBehavior [ RunTime:0.000976s ]
INFO: [ view_filter ] --END-- [ RunTime:0.001240s ]
INFO: [ app_end ] --START--
INFO: Run Behavior\ShowPageTraceBehavior [ RunTime:0.001113s ]
INFO: [ app_end ] --END-- [ RunTime:0.001390s ]

[ 2017-06-14T19:35:26+08:00 ] 127.0.0.1 /taobaoke/Admin/Tao/tao_new.html
INFO: [ app_init ] --START--
INFO: Run Behavior\BuildLiteBehavior [ RunTime:0.000053s ]
INFO: [ app_init ] --END-- [ RunTime:0.000851s ]
INFO: [ app_begin ] --START--
INFO: Run Behavior\ReadHtmlCacheBehavior [ RunTime:0.000851s ]
INFO: [ app_begin ] --END-- [ RunTime:0.001123s ]
SQL: SHOW COLUMNS FROM `w_users` [ RunTime:0.0030s ]
SQL: SELECT * FROM `w_users` WHERE ( id=1 ) LIMIT 1   [ RunTime:0.0005s ]
INFO: [ view_parse ] --START--
NOTIC: [8] Undefined index: level D:\wamp64\www\taobaoke\app\Runtime\Cache\93062007ff48726d23dc1438c0581370532155d4.file.header.tpl.php 第 255 行.
NOTIC: [8] Trying to get property of non-object D:\wamp64\www\taobaoke\app\Runtime\Cache\93062007ff48726d23dc1438c0581370532155d4.file.header.tpl.php 第 255 行.
NOTIC: [8] Undefined index: level D:\wamp64\www\taobaoke\app\Runtime\Cache\93062007ff48726d23dc1438c0581370532155d4.file.header.tpl.php 第 283 行.
NOTIC: [8] Trying to get property of non-object D:\wamp64\www\taobaoke\app\Runtime\Cache\93062007ff48726d23dc1438c0581370532155d4.file.header.tpl.php 第 283 行.
INFO: Run Behavior\ParseTemplateBehavior [ RunTime:0.028390s ]
INFO: [ view_parse ] --END-- [ RunTime:0.028673s ]
INFO: [ view_filter ] --START--
INFO: Run Behavior\WriteHtmlCacheBehavior [ RunTime:0.000869s ]
INFO: [ view_filter ] --END-- [ RunTime:0.001128s ]
INFO: [ app_end ] --START--
INFO: Run Behavior\ShowPageTraceBehavior [ RunTime:0.001238s ]
INFO: [ app_end ] --END-- [ RunTime:0.001619s ]

[ 2017-06-14T19:35:27+08:00 ] 127.0.0.1 /taobaoke/Admin/Tao/tao_delete.html
INFO: [ app_init ] --START--
INFO: Run Behavior\BuildLiteBehavior [ RunTime:0.000082s ]
INFO: [ app_init ] --END-- [ RunTime:0.000877s ]
INFO: [ app_begin ] --START--
INFO: Run Behavior\ReadHtmlCacheBehavior [ RunTime:0.001011s ]
INFO: [ app_begin ] --END-- [ RunTime:0.001363s ]
SQL: SHOW COLUMNS FROM `w_users` [ RunTime:0.0039s ]
SQL: SELECT * FROM `w_users` WHERE ( id=1 ) LIMIT 1   [ RunTime:0.0006s ]
ERR: 模板不存在:./ThemeAdmin/default/Tao/tao_delete.tpl

[ 2017-06-14T19:45:51+08:00 ] 127.0.0.1 /taobaoke/Admin/Tao/tao_delete.html
INFO: [ app_init ] --START--
INFO: Run Behavior\BuildLiteBehavior [ RunTime:0.000054s ]
INFO: [ app_init ] --END-- [ RunTime:0.001365s ]
INFO: [ app_begin ] --START--
INFO: Run Behavior\ReadHtmlCacheBehavior [ RunTime:0.002060s ]
INFO: [ app_begin ] --END-- [ RunTime:0.002544s ]
SQL: SHOW COLUMNS FROM `w_users` [ RunTime:0.0050s ]
SQL: SELECT * FROM `w_users` WHERE ( id=1 ) LIMIT 1   [ RunTime:0.0009s ]
ERR: 模板不存在:./ThemeAdmin/default/Tao/tao_delete.tpl

[ 2017-06-14T19:52:21+08:00 ] 127.0.0.1 /taobaoke/Admin/Tao/tao_delete.html
INFO: [ app_init ] --START--
INFO: Run Behavior\BuildLiteBehavior [ RunTime:0.000151s ]
INFO: [ app_init ] --END-- [ RunTime:0.001369s ]
INFO: [ app_begin ] --START--
INFO: Run Behavior\ReadHtmlCacheBehavior [ RunTime:0.001609s ]
INFO: [ app_begin ] --END-- [ RunTime:0.001889s ]
SQL: SHOW COLUMNS FROM `w_users` [ RunTime:0.0015s ]
SQL: SELECT * FROM `w_users` WHERE ( id=1 ) LIMIT 1   [ RunTime:0.0008s ]
INFO: [ view_parse ] --START--
NOTIC: [2] filemtime(): stat failed for ./app/Runtime/Cache\0cadd62e3d4675c64bd8fe49dd82f6a773382c3f.file.tao_delete.tpl.php D:\wamp64\www\taobaoke\ThinkPHP\Library\Vendor\Smarty\sysplugins\smarty_resource.php 第 683 行.
NOTIC: [2] unlink(./app/Runtime/Cache\0cadd62e3d4675c64bd8fe49dd82f6a773382c3f.file.tao_delete.tpl.php): No such file or directory D:\wamp64\www\taobaoke\ThinkPHP\Library\Vendor\Smarty\sysplugins\smarty_internal_write_file.php 第 49 行.
NOTIC: [8] Undefined index: level D:\wamp64\www\taobaoke\app\Runtime\Cache\93062007ff48726d23dc1438c0581370532155d4.file.header.tpl.php 第 255 行.
NOTIC: [8] Trying to get property of non-object D:\wamp64\www\taobaoke\app\Runtime\Cache\93062007ff48726d23dc1438c0581370532155d4.file.header.tpl.php 第 255 行.
NOTIC: [8] Undefined index: level D:\wamp64\www\taobaoke\app\Runtime\Cache\93062007ff48726d23dc1438c0581370532155d4.file.header.tpl.php 第 283 行.
NOTIC: [8] Trying to get property of non-object D:\wamp64\www\taobaoke\app\Runtime\Cache\93062007ff48726d23dc1438c0581370532155d4.file.header.tpl.php 第 283 行.
NOTIC: [2] filemtime(): stat failed for D:\wamp64\www\taobaoke\ThemeAdmin\default\file\footer.tpl D:\wamp64\www\taobaoke\ThinkPHP\Library\Vendor\Smarty\sysplugins\smarty_resource.php 第 315 行.
ERR: Unable to load template file '../file/footer.tpl' in 'Tao/tao_delete.tpl'

[ 2017-06-14T19:52:32+08:00 ] 127.0.0.1 /taobaoke/Admin/Tao/tao_delete.html
INFO: [ app_init ] --START--
INFO: Run Behavior\BuildLiteBehavior [ RunTime:0.000057s ]
INFO: [ app_init ] --END-- [ RunTime:0.000949s ]
INFO: [ app_begin ] --START--
INFO: Run Behavior\ReadHtmlCacheBehavior [ RunTime:0.001278s ]
INFO: [ app_begin ] --END-- [ RunTime:0.001646s ]
SQL: SHOW COLUMNS FROM `w_users` [ RunTime:0.0011s ]
SQL: SELECT * FROM `w_users` WHERE ( id=1 ) LIMIT 1   [ RunTime:0.0005s ]
INFO: [ view_parse ] --START--
NOTIC: [8] Undefined index: level D:\wamp64\www\taobaoke\app\Runtime\Cache\93062007ff48726d23dc1438c0581370532155d4.file.header.tpl.php 第 255 行.
NOTIC: [8] Trying to get property of non-object D:\wamp64\www\taobaoke\app\Runtime\Cache\93062007ff48726d23dc1438c0581370532155d4.file.header.tpl.php 第 255 行.
NOTIC: [8] Undefined index: level D:\wamp64\www\taobaoke\app\Runtime\Cache\93062007ff48726d23dc1438c0581370532155d4.file.header.tpl.php 第 283 行.
NOTIC: [8] Trying to get property of non-object D:\wamp64\www\taobaoke\app\Runtime\Cache\93062007ff48726d23dc1438c0581370532155d4.file.header.tpl.php 第 283 行.
INFO: Run Behavior\ParseTemplateBehavior [ RunTime:0.120226s ]
INFO: [ view_parse ] --END-- [ RunTime:0.121028s ]
INFO: [ view_filter ] --START--
INFO: Run Behavior\WriteHtmlCacheBehavior [ RunTime:0.001522s ]
INFO: [ view_filter ] --END-- [ RunTime:0.001882s ]
INFO: [ app_end ] --START--
INFO: Run Behavior\ShowPageTraceBehavior [ RunTime:0.001493s ]
INFO: [ app_end ] --END-- [ RunTime:0.001835s ]

[ 2017-06-14T19:52:46+08:00 ] 127.0.0.1 /taobaoke/Admin/Tao/tao_delete.html
INFO: [ app_init ] --START--
INFO: Run Behavior\BuildLiteBehavior [ RunTime:0.000116s ]
INFO: [ app_init ] --END-- [ RunTime:0.001621s ]
INFO: [ app_begin ] --START--
INFO: Run Behavior\ReadHtmlCacheBehavior [ RunTime:0.002081s ]
INFO: [ app_begin ] --END-- [ RunTime:0.002556s ]
SQL: SHOW COLUMNS FROM `w_users` [ RunTime:0.0014s ]
SQL: SELECT * FROM `w_users` WHERE ( id=1 ) LIMIT 1   [ RunTime:0.0007s ]
INFO: [ view_parse ] --START--
NOTIC: [8] Undefined index: level D:\wamp64\www\taobaoke\app\Runtime\Cache\93062007ff48726d23dc1438c0581370532155d4.file.header.tpl.php 第 255 行.
NOTIC: [8] Trying to get property of non-object D:\wamp64\www\taobaoke\app\Runtime\Cache\93062007ff48726d23dc1438c0581370532155d4.file.header.tpl.php 第 255 行.
NOTIC: [8] Undefined index: level D:\wamp64\www\taobaoke\app\Runtime\Cache\93062007ff48726d23dc1438c0581370532155d4.file.header.tpl.php 第 283 行.
NOTIC: [8] Trying to get property of non-object D:\wamp64\www\taobaoke\app\Runtime\Cache\93062007ff48726d23dc1438c0581370532155d4.file.header.tpl.php 第 283 行.
INFO: Run Behavior\ParseTemplateBehavior [ RunTime:0.147176s ]
INFO: [ view_parse ] --END-- [ RunTime:0.147627s ]
INFO: [ view_filter ] --START--
INFO: Run Behavior\WriteHtmlCacheBehavior [ RunTime:0.001486s ]
INFO: [ view_filter ] --END-- [ RunTime:0.001744s ]
INFO: [ app_end ] --START--
INFO: Run Behavior\ShowPageTraceBehavior [ RunTime:0.002951s ]
INFO: [ app_end ] --END-- [ RunTime:0.003566s ]

[ 2017-06-14T19:53:08+08:00 ] 127.0.0.1 /taobaoke/Admin/Tao/tao_delete.html
INFO: [ app_init ] --START--
INFO: Run Behavior\BuildLiteBehavior [ RunTime:0.000141s ]
INFO: [ app_init ] --END-- [ RunTime:0.000983s ]
INFO: [ app_begin ] --START--
INFO: Run Behavior\ReadHtmlCacheBehavior [ RunTime:0.001492s ]
INFO: [ app_begin ] --END-- [ RunTime:0.002015s ]
SQL: SHOW COLUMNS FROM `w_users` [ RunTime:0.0054s ]
SQL: SELECT * FROM `w_users` WHERE ( id=1 ) LIMIT 1   [ RunTime:0.0006s ]
INFO: [ view_parse ] --START--
NOTIC: [8] Undefined index: level D:\wamp64\www\taobaoke\app\Runtime\Cache\93062007ff48726d23dc1438c0581370532155d4.file.header.tpl.php 第 255 行.
NOTIC: [8] Trying to get property of non-object D:\wamp64\www\taobaoke\app\Runtime\Cache\93062007ff48726d23dc1438c0581370532155d4.file.header.tpl.php 第 255 行.
NOTIC: [8] Undefined index: level D:\wamp64\www\taobaoke\app\Runtime\Cache\93062007ff48726d23dc1438c0581370532155d4.file.header.tpl.php 第 283 行.
NOTIC: [8] Trying to get property of non-object D:\wamp64\www\taobaoke\app\Runtime\Cache\93062007ff48726d23dc1438c0581370532155d4.file.header.tpl.php 第 283 行.
INFO: Run Behavior\ParseTemplateBehavior [ RunTime:0.174324s ]
INFO: [ view_parse ] --END-- [ RunTime:0.174804s ]
INFO: [ view_filter ] --START--
INFO: Run Behavior\WriteHtmlCacheBehavior [ RunTime:0.001579s ]
INFO: [ view_filter ] --END-- [ RunTime:0.001964s ]
INFO: [ app_end ] --START--
INFO: Run Behavior\ShowPageTraceBehavior [ RunTime:0.002279s ]
INFO: [ app_end ] --END-- [ RunTime:0.002676s ]

[ 2017-06-14T19:53:15+08:00 ] 127.0.0.1 /taobaoke/Admin/Tao/tao_new.html
INFO: [ app_init ] --START--
INFO: Run Behavior\BuildLiteBehavior [ RunTime:0.000052s ]
INFO: [ app_init ] --END-- [ RunTime:0.000982s ]
INFO: [ app_begin ] --START--
INFO: Run Behavior\ReadHtmlCacheBehavior [ RunTime:0.001190s ]
INFO: [ app_begin ] --END-- [ RunTime:0.001464s ]
SQL: SHOW COLUMNS FROM `w_users` [ RunTime:0.0042s ]
SQL: SELECT * FROM `w_users` WHERE ( id=1 ) LIMIT 1   [ RunTime:0.0005s ]
INFO: [ view_parse ] --START--
NOTIC: [8] Undefined index: level D:\wamp64\www\taobaoke\app\Runtime\Cache\93062007ff48726d23dc1438c0581370532155d4.file.header.tpl.php 第 255 行.
NOTIC: [8] Trying to get property of non-object D:\wamp64\www\taobaoke\app\Runtime\Cache\93062007ff48726d23dc1438c0581370532155d4.file.header.tpl.php 第 255 行.
NOTIC: [8] Undefined index: level D:\wamp64\www\taobaoke\app\Runtime\Cache\93062007ff48726d23dc1438c0581370532155d4.file.header.tpl.php 第 283 行.
NOTIC: [8] Trying to get property of non-object D:\wamp64\www\taobaoke\app\Runtime\Cache\93062007ff48726d23dc1438c0581370532155d4.file.header.tpl.php 第 283 行.
INFO: Run Behavior\ParseTemplateBehavior [ RunTime:0.027739s ]
INFO: [ view_parse ] --END-- [ RunTime:0.028003s ]
INFO: [ view_filter ] --START--
INFO: Run Behavior\WriteHtmlCacheBehavior [ RunTime:0.000511s ]
INFO: [ view_filter ] --END-- [ RunTime:0.000786s ]
INFO: [ app_end ] --START--
INFO: Run Behavior\ShowPageTraceBehavior [ RunTime:0.000992s ]
INFO: [ app_end ] --END-- [ RunTime:0.001397s ]

[ 2017-06-14T19:53:18+08:00 ] 127.0.0.1 /taobaoke/Admin/Tao/tao_delete.html
INFO: [ app_init ] --START--
INFO: Run Behavior\BuildLiteBehavior [ RunTime:0.000051s ]
INFO: [ app_init ] --END-- [ RunTime:0.000878s ]
INFO: [ app_begin ] --START--
INFO: Run Behavior\ReadHtmlCacheBehavior [ RunTime:0.000864s ]
INFO: [ app_begin ] --END-- [ RunTime:0.001113s ]
SQL: SHOW COLUMNS FROM `w_users` [ RunTime:0.0039s ]
SQL: SELECT * FROM `w_users` WHERE ( id=1 ) LIMIT 1   [ RunTime:0.0005s ]
INFO: [ view_parse ] --START--
NOTIC: [8] Undefined index: level D:\wamp64\www\taobaoke\app\Runtime\Cache\93062007ff48726d23dc1438c0581370532155d4.file.header.tpl.php 第 255 行.
NOTIC: [8] Trying to get property of non-object D:\wamp64\www\taobaoke\app\Runtime\Cache\93062007ff48726d23dc1438c0581370532155d4.file.header.tpl.php 第 255 行.
NOTIC: [8] Undefined index: level D:\wamp64\www\taobaoke\app\Runtime\Cache\93062007ff48726d23dc1438c0581370532155d4.file.header.tpl.php 第 283 行.
NOTIC: [8] Trying to get property of non-object D:\wamp64\www\taobaoke\app\Runtime\Cache\93062007ff48726d23dc1438c0581370532155d4.file.header.tpl.php 第 283 行.
INFO: Run Behavior\ParseTemplateBehavior [ RunTime:0.027032s ]
INFO: [ view_parse ] --END-- [ RunTime:0.027300s ]
INFO: [ view_filter ] --START--
INFO: Run Behavior\WriteHtmlCacheBehavior [ RunTime:0.000748s ]
INFO: [ view_filter ] --END-- [ RunTime:0.001049s ]
INFO: [ app_end ] --START--
INFO: Run Behavior\ShowPageTraceBehavior [ RunTime:0.001327s ]
INFO: [ app_end ] --END-- [ RunTime:0.001780s ]

