[ 2017-07-01T15:29:26+08:00 ] 127.0.0.1 /taobaoke/admin
INFO: [ app_init ] --START--
INFO: Run Behavior\BuildLiteBehavior [ RunTime:0.000059s ]
INFO: [ app_init ] --END-- [ RunTime:0.002623s ]
INFO: [ app_begin ] --START--
INFO: Run Behavior\ReadHtmlCacheBehavior [ RunTime:0.002015s ]
INFO: [ app_begin ] --END-- [ RunTime:0.002314s ]

[ 2017-07-01T15:29:28+08:00 ] 127.0.0.1 /taobaoke/admin/index/login.html
INFO: [ app_init ] --START--
INFO: Run Behavior\BuildLiteBehavior [ RunTime:0.000053s ]
INFO: [ app_init ] --END-- [ RunTime:0.001093s ]
INFO: [ app_begin ] --START--
INFO: Run Behavior\ReadHtmlCacheBehavior [ RunTime:0.001523s ]
INFO: [ app_begin ] --END-- [ RunTime:0.001799s ]
INFO: [ view_parse ] --START--
INFO: Run Behavior\ParseTemplateBehavior [ RunTime:0.032547s ]
INFO: [ view_parse ] --END-- [ RunTime:0.032848s ]
INFO: [ view_filter ] --START--
INFO: Run Behavior\WriteHtmlCacheBehavior [ RunTime:0.001435s ]
INFO: [ view_filter ] --END-- [ RunTime:0.001675s ]
INFO: [ app_end ] --START--
INFO: Run Behavior\ShowPageTraceBehavior [ RunTime:0.002386s ]
INFO: [ app_end ] --END-- [ RunTime:0.002860s ]

[ 2017-07-01T15:29:31+08:00 ] 127.0.0.1 /taobaoke/admin/index/login_submit
INFO: [ app_init ] --START--
INFO: Run Behavior\BuildLiteBehavior [ RunTime:0.000054s ]
INFO: [ app_init ] --END-- [ RunTime:0.001119s ]
INFO: [ app_begin ] --START--
INFO: Run Behavior\ReadHtmlCacheBehavior [ RunTime:0.002815s ]
INFO: [ app_begin ] --END-- [ RunTime:0.003315s ]
SQL: SHOW COLUMNS FROM `w_users` [ RunTime:0.0016s ]
SQL: SELECT * FROM `w_users` WHERE ( user_login="admin" ) LIMIT 1   [ RunTime:0.0004s ]
SQL: SHOW COLUMNS FROM `w_logs` [ RunTime:0.0011s ]
NOTIC: [8] Undefined index: validate D:\wamp64\www\taobaoke\ThinkPHP\Library\Think\Model.class.php 第 1185 行.
NOTIC: [8] Undefined index: auto D:\wamp64\www\taobaoke\ThinkPHP\Library\Think\Model.class.php 第 1128 行.
SQL: INSERT INTO `w_logs` (`user_id`,`login_time`,`login_ip`,`login_referer`) VALUES ('1','1498894171','127.0.0.1','http://127.0.0.1/taobaoke/admin/index/login.html') [ RunTime:0.0011s ]
INFO: [ app_end ] --START--
INFO: Run Behavior\ShowPageTraceBehavior [ RunTime:0.001886s ]
INFO: [ app_end ] --END-- [ RunTime:0.002217s ]

[ 2017-07-01T15:29:32+08:00 ] 127.0.0.1 /taobaoke/admin/index
INFO: [ app_init ] --START--
INFO: Run Behavior\BuildLiteBehavior [ RunTime:0.000100s ]
INFO: [ app_init ] --END-- [ RunTime:0.002311s ]
INFO: [ app_begin ] --START--
INFO: Run Behavior\ReadHtmlCacheBehavior [ RunTime:0.001477s ]
INFO: [ app_begin ] --END-- [ RunTime:0.001744s ]
SQL: SHOW COLUMNS FROM `w_users` [ RunTime:0.0041s ]
SQL: SELECT * FROM `w_users` WHERE ( id=1 ) LIMIT 1   [ RunTime:0.0007s ]
SQL: SHOW COLUMNS FROM `w_pages` [ RunTime:0.0037s ]
SQL: SELECT `user_nickname`,`page_id`,`page_title`,`page_time` FROM `w_pages` INNER JOIN w_users on w_users.ID=w_pages.page_author  WHERE `page_status` = 'open' AND `w_user_level` <= '10' ORDER BY page_time desc LIMIT 0,5   [ RunTime:0.0026s ]
SQL: SELECT COUNT(*) AS tp_count FROM `w_pages` WHERE `page_status` = 'open' LIMIT 1   [ RunTime:0.0004s ]
SQL: SHOW COLUMNS FROM `w_post` [ RunTime:0.0030s ]
SQL: SELECT w_post.ID as id,`post_date`,`post_title`,`user_nickname`,`post_status` FROM `w_post` INNER JOIN w_users on w_users.ID=w_post.post_author  WHERE `post_type_delete` = 'open' AND `post_status` = 'publish' AND `post_author` <= '1' ORDER BY post_date desc LIMIT 0,5   [ RunTime:0.0018s ]
SQL: SELECT COUNT(*) AS tp_count FROM `w_post` WHERE `post_type_delete` = 'open' AND `post_status` = 'publish' AND `post_author` <= '1' LIMIT 1   [ RunTime:0.0007s ]
SQL: SHOW COLUMNS FROM `w_logs` [ RunTime:0.0033s ]
SQL: SELECT w_logs.*,user_nickname as name FROM `w_logs` LEFT JOIN w_users on w_users.ID=w_logs.user_id  ORDER BY login_time desc LIMIT 0,5   [ RunTime:0.0010s ]
SQL: SELECT COUNT(*) AS tp_count FROM `w_logs` LIMIT 1   [ RunTime:0.0004s ]
INFO: [ view_parse ] --START--
INFO: Run Behavior\ParseTemplateBehavior [ RunTime:0.058671s ]
INFO: [ view_parse ] --END-- [ RunTime:0.059118s ]
INFO: [ view_filter ] --START--
INFO: Run Behavior\WriteHtmlCacheBehavior [ RunTime:0.001844s ]
INFO: [ view_filter ] --END-- [ RunTime:0.002439s ]
INFO: [ app_end ] --START--
INFO: Run Behavior\ShowPageTraceBehavior [ RunTime:0.002680s ]
INFO: [ app_end ] --END-- [ RunTime:0.004183s ]

[ 2017-07-01T15:36:00+08:00 ] 127.0.0.1 /taobaoke/admin/index
INFO: [ app_init ] --START--
INFO: Run Behavior\BuildLiteBehavior [ RunTime:0.000097s ]
INFO: [ app_init ] --END-- [ RunTime:0.003566s ]
INFO: [ app_begin ] --START--
INFO: Run Behavior\ReadHtmlCacheBehavior [ RunTime:0.001519s ]
INFO: [ app_begin ] --END-- [ RunTime:0.001829s ]
SQL: SHOW COLUMNS FROM `w_users` [ RunTime:0.0013s ]
SQL: SELECT * FROM `w_users` WHERE ( id=1 ) LIMIT 1   [ RunTime:0.0006s ]
SQL: SHOW COLUMNS FROM `w_pages` [ RunTime:0.0010s ]
SQL: SELECT `user_nickname`,`page_id`,`page_title`,`page_time` FROM `w_pages` INNER JOIN w_users on w_users.ID=w_pages.page_author  WHERE `page_status` = 'open' AND `w_user_level` <= '10' ORDER BY page_time desc LIMIT 0,5   [ RunTime:0.0011s ]
SQL: SELECT COUNT(*) AS tp_count FROM `w_pages` WHERE `page_status` = 'open' LIMIT 1   [ RunTime:0.0006s ]
SQL: SHOW COLUMNS FROM `w_post` [ RunTime:0.0012s ]
SQL: SELECT w_post.ID as id,`post_date`,`post_title`,`user_nickname`,`post_status` FROM `w_post` INNER JOIN w_users on w_users.ID=w_post.post_author  WHERE `post_type_delete` = 'open' AND `post_status` = 'publish' AND `post_author` <= '1' ORDER BY post_date desc LIMIT 0,5   [ RunTime:0.0011s ]
SQL: SELECT COUNT(*) AS tp_count FROM `w_post` WHERE `post_type_delete` = 'open' AND `post_status` = 'publish' AND `post_author` <= '1' LIMIT 1   [ RunTime:0.0006s ]
SQL: SHOW COLUMNS FROM `w_logs` [ RunTime:0.0010s ]
SQL: SELECT w_logs.*,user_nickname as name FROM `w_logs` LEFT JOIN w_users on w_users.ID=w_logs.user_id  ORDER BY login_time desc LIMIT 0,5   [ RunTime:0.0011s ]
SQL: SELECT COUNT(*) AS tp_count FROM `w_logs` LIMIT 1   [ RunTime:0.0004s ]
INFO: [ view_parse ] --START--
INFO: Run Behavior\ParseTemplateBehavior [ RunTime:0.718155s ]
INFO: [ view_parse ] --END-- [ RunTime:0.718426s ]
INFO: [ view_filter ] --START--
INFO: Run Behavior\WriteHtmlCacheBehavior [ RunTime:0.001360s ]
INFO: [ view_filter ] --END-- [ RunTime:0.001617s ]
INFO: [ app_end ] --START--
INFO: Run Behavior\ShowPageTraceBehavior [ RunTime:0.003708s ]
INFO: [ app_end ] --END-- [ RunTime:0.004205s ]

[ 2017-07-01T15:37:26+08:00 ] 127.0.0.1 /taobaoke/admin/index
INFO: [ app_init ] --START--
INFO: Run Behavior\BuildLiteBehavior [ RunTime:0.000053s ]
INFO: [ app_init ] --END-- [ RunTime:0.000966s ]
INFO: [ app_begin ] --START--
INFO: Run Behavior\ReadHtmlCacheBehavior [ RunTime:0.001561s ]
INFO: [ app_begin ] --END-- [ RunTime:0.001856s ]
SQL: SHOW COLUMNS FROM `w_users` [ RunTime:0.0037s ]
SQL: SELECT * FROM `w_users` WHERE ( id=1 ) LIMIT 1   [ RunTime:0.0009s ]
SQL: SHOW COLUMNS FROM `w_pages` [ RunTime:0.0034s ]
SQL: SELECT `user_nickname`,`page_id`,`page_title`,`page_time` FROM `w_pages` INNER JOIN w_users on w_users.ID=w_pages.page_author  WHERE `page_status` = 'open' AND `w_user_level` <= '10' ORDER BY page_time desc LIMIT 0,5   [ RunTime:0.0008s ]
SQL: SELECT COUNT(*) AS tp_count FROM `w_pages` WHERE `page_status` = 'open' LIMIT 1   [ RunTime:0.0007s ]
SQL: SHOW COLUMNS FROM `w_post` [ RunTime:0.0033s ]
SQL: SELECT w_post.ID as id,`post_date`,`post_title`,`user_nickname`,`post_status` FROM `w_post` INNER JOIN w_users on w_users.ID=w_post.post_author  WHERE `post_type_delete` = 'open' AND `post_status` = 'publish' AND `post_author` <= '1' ORDER BY post_date desc LIMIT 0,5   [ RunTime:0.0006s ]
SQL: SELECT COUNT(*) AS tp_count FROM `w_post` WHERE `post_type_delete` = 'open' AND `post_status` = 'publish' AND `post_author` <= '1' LIMIT 1   [ RunTime:0.0004s ]
SQL: SHOW COLUMNS FROM `w_logs` [ RunTime:0.0043s ]
SQL: SELECT w_logs.*,user_nickname as name FROM `w_logs` LEFT JOIN w_users on w_users.ID=w_logs.user_id  ORDER BY login_time desc LIMIT 0,5   [ RunTime:0.0011s ]
SQL: SELECT COUNT(*) AS tp_count FROM `w_logs` LIMIT 1   [ RunTime:0.0004s ]
INFO: [ view_parse ] --START--
INFO: Run Behavior\ParseTemplateBehavior [ RunTime:0.692996s ]
INFO: [ view_parse ] --END-- [ RunTime:0.693403s ]
INFO: [ view_filter ] --START--
INFO: Run Behavior\WriteHtmlCacheBehavior [ RunTime:0.001032s ]
INFO: [ view_filter ] --END-- [ RunTime:0.001380s ]
INFO: [ app_end ] --START--
INFO: Run Behavior\ShowPageTraceBehavior [ RunTime:0.001394s ]
INFO: [ app_end ] --END-- [ RunTime:0.001773s ]

[ 2017-07-01T15:40:02+08:00 ] 127.0.0.1 /taobaoke/admin/index
INFO: [ app_init ] --START--
INFO: Run Behavior\BuildLiteBehavior [ RunTime:0.000068s ]
INFO: [ app_init ] --END-- [ RunTime:0.001272s ]
INFO: [ app_begin ] --START--
INFO: Run Behavior\ReadHtmlCacheBehavior [ RunTime:0.001656s ]
INFO: [ app_begin ] --END-- [ RunTime:0.002000s ]
SQL: SHOW COLUMNS FROM `w_users` [ RunTime:0.0043s ]
SQL: SELECT * FROM `w_users` WHERE ( id=1 ) LIMIT 1   [ RunTime:0.0007s ]
SQL: SHOW COLUMNS FROM `w_pages` [ RunTime:0.0043s ]
SQL: SELECT `user_nickname`,`page_id`,`page_title`,`page_time` FROM `w_pages` INNER JOIN w_users on w_users.ID=w_pages.page_author  WHERE `page_status` = 'open' AND `w_user_level` <= '10' ORDER BY page_time desc LIMIT 0,5   [ RunTime:0.0009s ]
SQL: SELECT COUNT(*) AS tp_count FROM `w_pages` WHERE `page_status` = 'open' LIMIT 1   [ RunTime:0.0005s ]
SQL: SHOW COLUMNS FROM `w_post` [ RunTime:0.0040s ]
SQL: SELECT w_post.ID as id,`post_date`,`post_title`,`user_nickname`,`post_status` FROM `w_post` INNER JOIN w_users on w_users.ID=w_post.post_author  WHERE `post_type_delete` = 'open' AND `post_status` = 'publish' AND `post_author` <= '1' ORDER BY post_date desc LIMIT 0,5   [ RunTime:0.0006s ]
SQL: SELECT COUNT(*) AS tp_count FROM `w_post` WHERE `post_type_delete` = 'open' AND `post_status` = 'publish' AND `post_author` <= '1' LIMIT 1   [ RunTime:0.0003s ]
SQL: SHOW COLUMNS FROM `w_logs` [ RunTime:0.0034s ]
SQL: SELECT w_logs.*,user_nickname as name FROM `w_logs` LEFT JOIN w_users on w_users.ID=w_logs.user_id  ORDER BY login_time desc LIMIT 0,5   [ RunTime:0.0011s ]
SQL: SELECT COUNT(*) AS tp_count FROM `w_logs` LIMIT 1   [ RunTime:0.0005s ]
INFO: [ view_parse ] --START--
INFO: Run Behavior\ParseTemplateBehavior [ RunTime:0.739149s ]
INFO: [ view_parse ] --END-- [ RunTime:0.739484s ]
INFO: [ view_filter ] --START--
INFO: Run Behavior\WriteHtmlCacheBehavior [ RunTime:0.000951s ]
INFO: [ view_filter ] --END-- [ RunTime:0.001233s ]
INFO: [ app_end ] --START--
INFO: Run Behavior\ShowPageTraceBehavior [ RunTime:0.001879s ]
INFO: [ app_end ] --END-- [ RunTime:0.002159s ]

[ 2017-07-01T15:40:08+08:00 ] 127.0.0.1 /taobaoke/Admin/TaoUser/user_list.html
INFO: [ app_init ] --START--
INFO: Run Behavior\BuildLiteBehavior [ RunTime:0.000087s ]
INFO: [ app_init ] --END-- [ RunTime:0.001111s ]
INFO: [ app_begin ] --START--
INFO: Run Behavior\ReadHtmlCacheBehavior [ RunTime:0.001796s ]
INFO: [ app_begin ] --END-- [ RunTime:0.002196s ]
ERR: 无法加载控制器:TaoUser

[ 2017-07-01T15:52:36+08:00 ] 127.0.0.1 /taobaoke/Admin/TaoUser/user_list.html
INFO: [ app_init ] --START--
INFO: Run Behavior\BuildLiteBehavior [ RunTime:0.000072s ]
INFO: [ app_init ] --END-- [ RunTime:0.001097s ]
INFO: [ app_begin ] --START--
INFO: Run Behavior\ReadHtmlCacheBehavior [ RunTime:0.001279s ]
INFO: [ app_begin ] --END-- [ RunTime:0.001556s ]
SQL: SHOW COLUMNS FROM `w_users` [ RunTime:0.0052s ]
SQL: SELECT * FROM `w_users` WHERE ( id=1 ) LIMIT 1   [ RunTime:0.0006s ]
ERR: 模板不存在:./ThemeAdmin/default/TaoUser/user_list.tpl

[ 2017-07-01T15:56:05+08:00 ] 127.0.0.1 /taobaoke/admin/index
INFO: [ app_init ] --START--
INFO: Run Behavior\BuildLiteBehavior [ RunTime:0.000100s ]
INFO: [ app_init ] --END-- [ RunTime:0.002133s ]
INFO: [ app_begin ] --START--
INFO: Run Behavior\ReadHtmlCacheBehavior [ RunTime:0.001858s ]
INFO: [ app_begin ] --END-- [ RunTime:0.002249s ]
SQL: SHOW COLUMNS FROM `w_users` [ RunTime:0.0050s ]
SQL: SELECT * FROM `w_users` WHERE ( id=1 ) LIMIT 1   [ RunTime:0.0009s ]
SQL: SHOW COLUMNS FROM `w_pages` [ RunTime:0.0042s ]
SQL: SELECT `user_nickname`,`page_id`,`page_title`,`page_time` FROM `w_pages` INNER JOIN w_users on w_users.ID=w_pages.page_author  WHERE `page_status` = 'open' AND `w_user_level` <= '10' ORDER BY page_time desc LIMIT 0,5   [ RunTime:0.0010s ]
SQL: SELECT COUNT(*) AS tp_count FROM `w_pages` WHERE `page_status` = 'open' LIMIT 1   [ RunTime:0.0006s ]
SQL: SHOW COLUMNS FROM `w_post` [ RunTime:0.0041s ]
SQL: SELECT w_post.ID as id,`post_date`,`post_title`,`user_nickname`,`post_status` FROM `w_post` INNER JOIN w_users on w_users.ID=w_post.post_author  WHERE `post_type_delete` = 'open' AND `post_status` = 'publish' AND `post_author` <= '1' ORDER BY post_date desc LIMIT 0,5   [ RunTime:0.0009s ]
SQL: SELECT COUNT(*) AS tp_count FROM `w_post` WHERE `post_type_delete` = 'open' AND `post_status` = 'publish' AND `post_author` <= '1' LIMIT 1   [ RunTime:0.0006s ]
SQL: SHOW COLUMNS FROM `w_logs` [ RunTime:0.0047s ]
SQL: SELECT w_logs.*,user_nickname as name FROM `w_logs` LEFT JOIN w_users on w_users.ID=w_logs.user_id  ORDER BY login_time desc LIMIT 0,5   [ RunTime:0.0018s ]
SQL: SELECT COUNT(*) AS tp_count FROM `w_logs` LIMIT 1   [ RunTime:0.0005s ]
INFO: [ view_parse ] --START--
INFO: Run Behavior\ParseTemplateBehavior [ RunTime:0.040823s ]
INFO: [ view_parse ] --END-- [ RunTime:0.041225s ]
INFO: [ view_filter ] --START--
INFO: Run Behavior\WriteHtmlCacheBehavior [ RunTime:0.000740s ]
INFO: [ view_filter ] --END-- [ RunTime:0.001015s ]
INFO: [ app_end ] --START--
INFO: Run Behavior\ShowPageTraceBehavior [ RunTime:0.001369s ]
INFO: [ app_end ] --END-- [ RunTime:0.001754s ]

[ 2017-07-01T15:56:08+08:00 ] 127.0.0.1 /taobaoke/Admin/TaoUser/user_list.html
INFO: [ app_init ] --START--
INFO: Run Behavior\BuildLiteBehavior [ RunTime:0.000105s ]
INFO: [ app_init ] --END-- [ RunTime:0.001552s ]
INFO: [ app_begin ] --START--
INFO: Run Behavior\ReadHtmlCacheBehavior [ RunTime:0.001434s ]
INFO: [ app_begin ] --END-- [ RunTime:0.001969s ]
SQL: SHOW COLUMNS FROM `w_users` [ RunTime:0.0037s ]
SQL: SELECT * FROM `w_users` WHERE ( id=1 ) LIMIT 1   [ RunTime:0.0008s ]
INFO: [ view_parse ] --START--
NOTIC: [2] filemtime(): stat failed for ./app/Runtime/Cache\43ec0175b30a8f8b786ef2e2905a3ea650bc51d1.file.user_list.tpl.php D:\wamp64\www\taobaoke\ThinkPHP\Library\Vendor\Smarty\sysplugins\smarty_resource.php 第 683 行.
NOTIC: [2] unlink(./app/Runtime/Cache\43ec0175b30a8f8b786ef2e2905a3ea650bc51d1.file.user_list.tpl.php): No such file or directory D:\wamp64\www\taobaoke\ThinkPHP\Library\Vendor\Smarty\sysplugins\smarty_internal_write_file.php 第 49 行.
INFO: Run Behavior\ParseTemplateBehavior [ RunTime:0.222509s ]
INFO: [ view_parse ] --END-- [ RunTime:0.223015s ]
INFO: [ view_filter ] --START--
INFO: Run Behavior\WriteHtmlCacheBehavior [ RunTime:0.001548s ]
INFO: [ view_filter ] --END-- [ RunTime:0.001994s ]
INFO: [ app_end ] --START--
INFO: Run Behavior\ShowPageTraceBehavior [ RunTime:0.001802s ]
INFO: [ app_end ] --END-- [ RunTime:0.002280s ]

[ 2017-07-01T15:56:10+08:00 ] 127.0.0.1 /taobaoke/Admin/TaoUser/user_new.html
INFO: [ app_init ] --START--
INFO: Run Behavior\BuildLiteBehavior [ RunTime:0.000441s ]
INFO: [ app_init ] --END-- [ RunTime:0.002812s ]
INFO: [ app_begin ] --START--
INFO: Run Behavior\ReadHtmlCacheBehavior [ RunTime:0.001258s ]
INFO: [ app_begin ] --END-- [ RunTime:0.001631s ]
SQL: SHOW COLUMNS FROM `w_users` [ RunTime:0.0037s ]
SQL: SELECT * FROM `w_users` WHERE ( id=1 ) LIMIT 1   [ RunTime:0.0005s ]
INFO: [ view_parse ] --START--
NOTIC: [2] filemtime(): stat failed for ./app/Runtime/Cache\943c321e07de9839a485e4aee3cdcffbb5f6c629.file.user_new.tpl.php D:\wamp64\www\taobaoke\ThinkPHP\Library\Vendor\Smarty\sysplugins\smarty_resource.php 第 683 行.
NOTIC: [2] unlink(./app/Runtime/Cache\943c321e07de9839a485e4aee3cdcffbb5f6c629.file.user_new.tpl.php): No such file or directory D:\wamp64\www\taobaoke\ThinkPHP\Library\Vendor\Smarty\sysplugins\smarty_internal_write_file.php 第 49 行.
INFO: Run Behavior\ParseTemplateBehavior [ RunTime:0.203422s ]
INFO: [ view_parse ] --END-- [ RunTime:0.203744s ]
INFO: [ view_filter ] --START--
INFO: Run Behavior\WriteHtmlCacheBehavior [ RunTime:0.001509s ]
INFO: [ view_filter ] --END-- [ RunTime:0.001877s ]
INFO: [ app_end ] --START--
INFO: Run Behavior\ShowPageTraceBehavior [ RunTime:0.004941s ]
INFO: [ app_end ] --END-- [ RunTime:0.005528s ]

[ 2017-07-01T16:02:57+08:00 ] 127.0.0.1 /taobaoke/Admin/TaoUser/user_list.html
INFO: [ app_init ] --START--
INFO: Run Behavior\BuildLiteBehavior [ RunTime:0.000055s ]
INFO: [ app_init ] --END-- [ RunTime:0.000979s ]
INFO: [ app_begin ] --START--
INFO: Run Behavior\ReadHtmlCacheBehavior [ RunTime:0.001603s ]
INFO: [ app_begin ] --END-- [ RunTime:0.001933s ]
SQL: SHOW COLUMNS FROM `w_users` [ RunTime:0.0037s ]
SQL: SELECT * FROM `w_users` WHERE ( id=1 ) LIMIT 1   [ RunTime:0.0006s ]
SQL: SHOW COLUMNS FROM `tao_users` [ RunTime:0.0052s ]
SQL: SELECT * FROM `tao_users` LIMIT 0,50   [ RunTime:0.0005s ]
SQL: SELECT COUNT(*) AS tp_count FROM `tao_users` LIMIT 1   [ RunTime:0.0005s ]
INFO: [ view_parse ] --START--
INFO: Run Behavior\ParseTemplateBehavior [ RunTime:0.169035s ]
INFO: [ view_parse ] --END-- [ RunTime:0.169440s ]
INFO: [ view_filter ] --START--
INFO: Run Behavior\WriteHtmlCacheBehavior [ RunTime:0.001435s ]
INFO: [ view_filter ] --END-- [ RunTime:0.001749s ]
INFO: [ app_end ] --START--
INFO: Run Behavior\ShowPageTraceBehavior [ RunTime:0.001584s ]
INFO: [ app_end ] --END-- [ RunTime:0.002078s ]

[ 2017-07-01T16:13:19+08:00 ] 127.0.0.1 /taobaoke/Admin/TaoUser/user_list.html
INFO: [ app_init ] --START--
INFO: Run Behavior\BuildLiteBehavior [ RunTime:0.000103s ]
INFO: [ app_init ] --END-- [ RunTime:0.001332s ]
INFO: [ app_begin ] --START--
INFO: Run Behavior\ReadHtmlCacheBehavior [ RunTime:0.003203s ]
INFO: [ app_begin ] --END-- [ RunTime:0.004522s ]
SQL: SHOW COLUMNS FROM `w_users` [ RunTime:0.0046s ]
SQL: SELECT * FROM `w_users` WHERE ( id=1 ) LIMIT 1   [ RunTime:0.0012s ]
SQL: SHOW COLUMNS FROM `tao_users` [ RunTime:0.0018s ]
SQL: SELECT * FROM `tao_users` LIMIT 0,50   [ RunTime:0.0006s ]
SQL: SELECT COUNT(*) AS tp_count FROM `tao_users` LIMIT 1   [ RunTime:0.0006s ]
INFO: [ view_parse ] --START--
INFO: Run Behavior\ParseTemplateBehavior [ RunTime:0.056249s ]
INFO: [ view_parse ] --END-- [ RunTime:0.056759s ]
INFO: [ view_filter ] --START--
INFO: Run Behavior\WriteHtmlCacheBehavior [ RunTime:0.001184s ]
INFO: [ view_filter ] --END-- [ RunTime:0.001780s ]
INFO: [ app_end ] --START--
INFO: Run Behavior\ShowPageTraceBehavior [ RunTime:0.002637s ]
INFO: [ app_end ] --END-- [ RunTime:0.003185s ]

[ 2017-07-01T16:26:54+08:00 ] 127.0.0.1 /taobaoke/Admin/TaoUser/user_list.html
INFO: [ app_init ] --START--
INFO: Run Behavior\BuildLiteBehavior [ RunTime:0.000053s ]
INFO: [ app_init ] --END-- [ RunTime:0.000978s ]
INFO: [ app_begin ] --START--
INFO: Run Behavior\ReadHtmlCacheBehavior [ RunTime:0.001199s ]
INFO: [ app_begin ] --END-- [ RunTime:0.001485s ]
SQL: SHOW COLUMNS FROM `w_users` [ RunTime:0.0041s ]
SQL: SELECT * FROM `w_users` WHERE ( id=1 ) LIMIT 1   [ RunTime:0.0006s ]
SQL: SHOW COLUMNS FROM `tao_users` [ RunTime:0.0040s ]
SQL: SELECT * FROM `tao_users` LIMIT 0,50   [ RunTime:0.0005s ]
SQL: SELECT COUNT(*) AS tp_count FROM `tao_users` LIMIT 1   [ RunTime:0.0004s ]
INFO: [ view_parse ] --START--
ERR: Syntax Error in template "./ThemeAdmin/default\TaoUser\user_list.tpl"  on line 45 "&lt;td&gt;{$item['time']||date_format:'%Y-%m-%d %H:%M:%S'}&lt;/td&gt;"  - Unexpected ":", expected one of: "}" , " "

[ 2017-07-01T16:27:30+08:00 ] 127.0.0.1 /taobaoke/Admin/TaoUser/user_list.html
INFO: [ app_init ] --START--
INFO: Run Behavior\BuildLiteBehavior [ RunTime:0.000075s ]
INFO: [ app_init ] --END-- [ RunTime:0.001980s ]
INFO: [ app_begin ] --START--
INFO: Run Behavior\ReadHtmlCacheBehavior [ RunTime:0.001898s ]
INFO: [ app_begin ] --END-- [ RunTime:0.002416s ]
SQL: SHOW COLUMNS FROM `w_users` [ RunTime:0.0019s ]
SQL: SELECT * FROM `w_users` WHERE ( id=1 ) LIMIT 1   [ RunTime:0.0008s ]
SQL: SHOW COLUMNS FROM `tao_users` [ RunTime:0.0017s ]
SQL: SELECT * FROM `tao_users` LIMIT 0,50   [ RunTime:0.0007s ]
SQL: SELECT COUNT(*) AS tp_count FROM `tao_users` LIMIT 1   [ RunTime:0.0005s ]
INFO: [ view_parse ] --START--
INFO: Run Behavior\ParseTemplateBehavior [ RunTime:0.302834s ]
INFO: [ view_parse ] --END-- [ RunTime:0.303244s ]
INFO: [ view_filter ] --START--
INFO: Run Behavior\WriteHtmlCacheBehavior [ RunTime:0.001137s ]
INFO: [ view_filter ] --END-- [ RunTime:0.001479s ]
INFO: [ app_end ] --START--
INFO: Run Behavior\ShowPageTraceBehavior [ RunTime:0.001690s ]
INFO: [ app_end ] --END-- [ RunTime:0.002172s ]

[ 2017-07-01T16:27:44+08:00 ] 127.0.0.1 /taobaoke/Admin/TaoUser/user_list.html
INFO: [ app_init ] --START--
INFO: Run Behavior\BuildLiteBehavior [ RunTime:0.000092s ]
INFO: [ app_init ] --END-- [ RunTime:0.001276s ]
INFO: [ app_begin ] --START--
INFO: Run Behavior\ReadHtmlCacheBehavior [ RunTime:0.001374s ]
INFO: [ app_begin ] --END-- [ RunTime:0.001749s ]
SQL: SHOW COLUMNS FROM `w_users` [ RunTime:0.0014s ]
SQL: SELECT * FROM `w_users` WHERE ( id=1 ) LIMIT 1   [ RunTime:0.0006s ]
SQL: SHOW COLUMNS FROM `tao_users` [ RunTime:0.0039s ]
SQL: SELECT * FROM `tao_users` LIMIT 0,50   [ RunTime:0.0005s ]
SQL: SELECT COUNT(*) AS tp_count FROM `tao_users` LIMIT 1   [ RunTime:0.0005s ]
INFO: [ view_parse ] --START--
INFO: Run Behavior\ParseTemplateBehavior [ RunTime:0.309710s ]
INFO: [ view_parse ] --END-- [ RunTime:0.310164s ]
INFO: [ view_filter ] --START--
INFO: Run Behavior\WriteHtmlCacheBehavior [ RunTime:0.001284s ]
INFO: [ view_filter ] --END-- [ RunTime:0.001814s ]
INFO: [ app_end ] --START--
INFO: Run Behavior\ShowPageTraceBehavior [ RunTime:0.002572s ]
INFO: [ app_end ] --END-- [ RunTime:0.003076s ]

[ 2017-07-01T16:30:12+08:00 ] 127.0.0.1 /taobaoke/Admin/TaoUser/user_list.html
INFO: [ app_init ] --START--
INFO: Run Behavior\BuildLiteBehavior [ RunTime:0.000121s ]
INFO: [ app_init ] --END-- [ RunTime:0.001894s ]
INFO: [ app_begin ] --START--
INFO: Run Behavior\ReadHtmlCacheBehavior [ RunTime:0.001891s ]
INFO: [ app_begin ] --END-- [ RunTime:0.002640s ]
SQL: SHOW COLUMNS FROM `w_users` [ RunTime:0.0015s ]
SQL: SELECT * FROM `w_users` WHERE ( id=1 ) LIMIT 1   [ RunTime:0.0007s ]
SQL: SHOW COLUMNS FROM `tao_users` [ RunTime:0.0054s ]
SQL: SELECT * FROM `tao_users` LIMIT 0,50   [ RunTime:0.0006s ]
SQL: SELECT COUNT(*) AS tp_count FROM `tao_users` LIMIT 1   [ RunTime:0.0005s ]
INFO: [ view_parse ] --START--
INFO: Run Behavior\ParseTemplateBehavior [ RunTime:0.375250s ]
INFO: [ view_parse ] --END-- [ RunTime:0.375877s ]
INFO: [ view_filter ] --START--
INFO: Run Behavior\WriteHtmlCacheBehavior [ RunTime:0.001206s ]
INFO: [ view_filter ] --END-- [ RunTime:0.001492s ]
INFO: [ app_end ] --START--
INFO: Run Behavior\ShowPageTraceBehavior [ RunTime:0.002353s ]
INFO: [ app_end ] --END-- [ RunTime:0.003346s ]

[ 2017-07-01T16:31:58+08:00 ] 127.0.0.1 /taobaoke/Admin/TaoUser/user_list.html
INFO: [ app_init ] --START--
INFO: Run Behavior\BuildLiteBehavior [ RunTime:0.000058s ]
INFO: [ app_init ] --END-- [ RunTime:0.001199s ]
INFO: [ app_begin ] --START--
INFO: Run Behavior\ReadHtmlCacheBehavior [ RunTime:0.001129s ]
INFO: [ app_begin ] --END-- [ RunTime:0.001400s ]
SQL: SHOW COLUMNS FROM `w_users` [ RunTime:0.0035s ]
SQL: SELECT * FROM `w_users` WHERE ( id=1 ) LIMIT 1   [ RunTime:0.0005s ]
SQL: SHOW COLUMNS FROM `tao_users` [ RunTime:0.0031s ]
SQL: SELECT * FROM `tao_users` LIMIT 0,50   [ RunTime:0.0005s ]
SQL: SELECT COUNT(*) AS tp_count FROM `tao_users` LIMIT 1   [ RunTime:0.0006s ]
INFO: [ view_parse ] --START--
INFO: Run Behavior\ParseTemplateBehavior [ RunTime:0.026327s ]
INFO: [ view_parse ] --END-- [ RunTime:0.026607s ]
INFO: [ view_filter ] --START--
INFO: Run Behavior\WriteHtmlCacheBehavior [ RunTime:0.000585s ]
INFO: [ view_filter ] --END-- [ RunTime:0.002109s ]
INFO: [ app_end ] --START--
INFO: Run Behavior\ShowPageTraceBehavior [ RunTime:0.001853s ]
INFO: [ app_end ] --END-- [ RunTime:0.002392s ]

[ 2017-07-01T16:34:56+08:00 ] 127.0.0.1 /taobaoke/Admin/TaoUser/user_list.html
INFO: [ app_init ] --START--
INFO: Run Behavior\BuildLiteBehavior [ RunTime:0.000094s ]
INFO: [ app_init ] --END-- [ RunTime:0.001029s ]
INFO: [ app_begin ] --START--
INFO: Run Behavior\ReadHtmlCacheBehavior [ RunTime:0.001666s ]
INFO: [ app_begin ] --END-- [ RunTime:0.002050s ]
SQL: SHOW COLUMNS FROM `w_users` [ RunTime:0.0018s ]
SQL: SELECT * FROM `w_users` WHERE ( id=1 ) LIMIT 1   [ RunTime:0.0006s ]
SQL: SHOW COLUMNS FROM `tao_users` [ RunTime:0.0031s ]
SQL: SELECT * FROM `tao_users` LIMIT 0,50   [ RunTime:0.0004s ]
SQL: SELECT COUNT(*) AS tp_count FROM `tao_users` LIMIT 1   [ RunTime:0.0003s ]
INFO: [ view_parse ] --START--
INFO: Run Behavior\ParseTemplateBehavior [ RunTime:0.320177s ]
INFO: [ view_parse ] --END-- [ RunTime:0.320483s ]
INFO: [ view_filter ] --START--
INFO: Run Behavior\WriteHtmlCacheBehavior [ RunTime:0.000861s ]
INFO: [ view_filter ] --END-- [ RunTime:0.001106s ]
INFO: [ app_end ] --START--
INFO: Run Behavior\ShowPageTraceBehavior [ RunTime:0.001315s ]
INFO: [ app_end ] --END-- [ RunTime:0.001830s ]

[ 2017-07-01T16:35:29+08:00 ] 127.0.0.1 /taobaoke/Admin/TaoUser/user_list.html
INFO: [ app_init ] --START--
INFO: Run Behavior\BuildLiteBehavior [ RunTime:0.000151s ]
INFO: [ app_init ] --END-- [ RunTime:0.001763s ]
INFO: [ app_begin ] --START--
INFO: Run Behavior\ReadHtmlCacheBehavior [ RunTime:0.001900s ]
INFO: [ app_begin ] --END-- [ RunTime:0.002584s ]
SQL: SHOW COLUMNS FROM `w_users` [ RunTime:0.0018s ]
SQL: SELECT * FROM `w_users` WHERE ( id=1 ) LIMIT 1   [ RunTime:0.0012s ]
SQL: SHOW COLUMNS FROM `tao_users` [ RunTime:0.0016s ]
SQL: SELECT * FROM `tao_users` LIMIT 0,50   [ RunTime:0.0007s ]
SQL: SELECT COUNT(*) AS tp_count FROM `tao_users` LIMIT 1   [ RunTime:0.0005s ]
INFO: [ view_parse ] --START--
INFO: Run Behavior\ParseTemplateBehavior [ RunTime:0.541033s ]
INFO: [ view_parse ] --END-- [ RunTime:0.541733s ]
INFO: [ view_filter ] --START--
INFO: Run Behavior\WriteHtmlCacheBehavior [ RunTime:0.003425s ]
INFO: [ view_filter ] --END-- [ RunTime:0.003951s ]
INFO: [ app_end ] --START--
INFO: Run Behavior\ShowPageTraceBehavior [ RunTime:0.030797s ]
INFO: [ app_end ] --END-- [ RunTime:0.038067s ]

[ 2017-07-01T16:44:55+08:00 ] 127.0.0.1 /taobaoke/Admin/TaoUser/user_list.html
INFO: [ app_init ] --START--
INFO: Run Behavior\BuildLiteBehavior [ RunTime:0.000054s ]
INFO: [ app_init ] --END-- [ RunTime:0.000987s ]
INFO: [ app_begin ] --START--
INFO: Run Behavior\ReadHtmlCacheBehavior [ RunTime:0.001182s ]
INFO: [ app_begin ] --END-- [ RunTime:0.001457s ]
SQL: SHOW COLUMNS FROM `w_users` [ RunTime:0.0013s ]
SQL: SELECT * FROM `w_users` WHERE ( id=1 ) LIMIT 1   [ RunTime:0.0006s ]
SQL: SHOW COLUMNS FROM `tao_users` [ RunTime:0.0011s ]
SQL: SELECT * FROM `tao_users` LIMIT 0,50   [ RunTime:0.0006s ]
SQL: SELECT COUNT(*) AS tp_count FROM `tao_users` LIMIT 1   [ RunTime:0.0004s ]
INFO: [ view_parse ] --START--
INFO: Run Behavior\ParseTemplateBehavior [ RunTime:0.033825s ]
INFO: [ view_parse ] --END-- [ RunTime:0.034204s ]
INFO: [ view_filter ] --START--
INFO: Run Behavior\WriteHtmlCacheBehavior [ RunTime:0.001074s ]
INFO: [ view_filter ] --END-- [ RunTime:0.001530s ]
INFO: [ app_end ] --START--
INFO: Run Behavior\ShowPageTraceBehavior [ RunTime:0.001431s ]
INFO: [ app_end ] --END-- [ RunTime:0.001739s ]

[ 2017-07-01T16:45:36+08:00 ] 127.0.0.1 /taobaoke/Admin/TaoUser/user_list.html
INFO: [ app_init ] --START--
INFO: Run Behavior\BuildLiteBehavior [ RunTime:0.000053s ]
INFO: [ app_init ] --END-- [ RunTime:0.000879s ]
INFO: [ app_begin ] --START--
INFO: Run Behavior\ReadHtmlCacheBehavior [ RunTime:0.001337s ]
INFO: [ app_begin ] --END-- [ RunTime:0.001854s ]
SQL: SHOW COLUMNS FROM `w_users` [ RunTime:0.0013s ]
SQL: SELECT * FROM `w_users` WHERE ( id=1 ) LIMIT 1   [ RunTime:0.0006s ]
SQL: SHOW COLUMNS FROM `tao_users` [ RunTime:0.0010s ]
SQL: SELECT * FROM `tao_users` LIMIT 0,50   [ RunTime:0.0005s ]
SQL: SELECT COUNT(*) AS tp_count FROM `tao_users` LIMIT 1   [ RunTime:0.0003s ]
INFO: [ view_parse ] --START--
INFO: Run Behavior\ParseTemplateBehavior [ RunTime:0.028526s ]
INFO: [ view_parse ] --END-- [ RunTime:0.028810s ]
INFO: [ view_filter ] --START--
INFO: Run Behavior\WriteHtmlCacheBehavior [ RunTime:0.000525s ]
INFO: [ view_filter ] --END-- [ RunTime:0.000766s ]
INFO: [ app_end ] --START--
INFO: Run Behavior\ShowPageTraceBehavior [ RunTime:0.000956s ]
INFO: [ app_end ] --END-- [ RunTime:0.001222s ]

[ 2017-07-01T16:45:49+08:00 ] 127.0.0.1 /taobaoke/Admin/TaoUser/user_list.html
INFO: [ app_init ] --START--
INFO: Run Behavior\BuildLiteBehavior [ RunTime:0.000093s ]
INFO: [ app_init ] --END-- [ RunTime:0.001604s ]
INFO: [ app_begin ] --START--
INFO: Run Behavior\ReadHtmlCacheBehavior [ RunTime:0.001927s ]
INFO: [ app_begin ] --END-- [ RunTime:0.002484s ]
SQL: SHOW COLUMNS FROM `w_users` [ RunTime:0.0016s ]
SQL: SELECT * FROM `w_users` WHERE ( id=1 ) LIMIT 1   [ RunTime:0.0007s ]
SQL: SHOW COLUMNS FROM `tao_users` [ RunTime:0.0013s ]
SQL: SELECT * FROM `tao_users` LIMIT 0,1   [ RunTime:0.0005s ]
SQL: SELECT COUNT(*) AS tp_count FROM `tao_users` LIMIT 1   [ RunTime:0.0004s ]
INFO: [ view_parse ] --START--
INFO: Run Behavior\ParseTemplateBehavior [ RunTime:0.031921s ]
INFO: [ view_parse ] --END-- [ RunTime:0.032441s ]
INFO: [ view_filter ] --START--
INFO: Run Behavior\WriteHtmlCacheBehavior [ RunTime:0.000744s ]
INFO: [ view_filter ] --END-- [ RunTime:0.001095s ]
INFO: [ app_end ] --START--
INFO: Run Behavior\ShowPageTraceBehavior [ RunTime:0.002352s ]
INFO: [ app_end ] --END-- [ RunTime:0.003588s ]

[ 2017-07-01T16:45:58+08:00 ] 127.0.0.1 /taobaoke/Admin/TaoUser/user_list.html
INFO: [ app_init ] --START--
INFO: Run Behavior\BuildLiteBehavior [ RunTime:0.000069s ]
INFO: [ app_init ] --END-- [ RunTime:0.001159s ]
INFO: [ app_begin ] --START--
INFO: Run Behavior\ReadHtmlCacheBehavior [ RunTime:0.001062s ]
INFO: [ app_begin ] --END-- [ RunTime:0.001338s ]
SQL: SHOW COLUMNS FROM `w_users` [ RunTime:0.0010s ]
SQL: SELECT * FROM `w_users` WHERE ( id=1 ) LIMIT 1   [ RunTime:0.0005s ]
SQL: SHOW COLUMNS FROM `tao_users` [ RunTime:0.0015s ]
SQL: SELECT * FROM `tao_users` LIMIT 0,50   [ RunTime:0.0006s ]
SQL: SELECT COUNT(*) AS tp_count FROM `tao_users` LIMIT 1   [ RunTime:0.0006s ]
INFO: [ view_parse ] --START--
INFO: Run Behavior\ParseTemplateBehavior [ RunTime:0.028879s ]
INFO: [ view_parse ] --END-- [ RunTime:0.029211s ]
INFO: [ view_filter ] --START--
INFO: Run Behavior\WriteHtmlCacheBehavior [ RunTime:0.001087s ]
INFO: [ view_filter ] --END-- [ RunTime:0.001619s ]
INFO: [ app_end ] --START--
INFO: Run Behavior\ShowPageTraceBehavior [ RunTime:0.001609s ]
INFO: [ app_end ] --END-- [ RunTime:0.002007s ]

[ 2017-07-01T16:46:13+08:00 ] 127.0.0.1 /taobaoke/Admin/TaoUser/user_new.html
INFO: [ app_init ] --START--
INFO: Run Behavior\BuildLiteBehavior [ RunTime:0.000101s ]
INFO: [ app_init ] --END-- [ RunTime:0.001440s ]
INFO: [ app_begin ] --START--
INFO: Run Behavior\ReadHtmlCacheBehavior [ RunTime:0.000925s ]
INFO: [ app_begin ] --END-- [ RunTime:0.001204s ]
SQL: SHOW COLUMNS FROM `w_users` [ RunTime:0.0010s ]
SQL: SELECT * FROM `w_users` WHERE ( id=1 ) LIMIT 1   [ RunTime:0.0006s ]
SQL: SHOW COLUMNS FROM `tao_users` [ RunTime:0.0009s ]
INFO: [ view_parse ] --START--
INFO: Run Behavior\ParseTemplateBehavior [ RunTime:0.024526s ]
INFO: [ view_parse ] --END-- [ RunTime:0.024792s ]
INFO: [ view_filter ] --START--
INFO: Run Behavior\WriteHtmlCacheBehavior [ RunTime:0.000475s ]
INFO: [ view_filter ] --END-- [ RunTime:0.000717s ]
INFO: [ app_end ] --START--
INFO: Run Behavior\ShowPageTraceBehavior [ RunTime:0.001735s ]
INFO: [ app_end ] --END-- [ RunTime:0.002143s ]

[ 2017-07-01T16:46:49+08:00 ] 127.0.0.1 /taobaoke/Admin/Tao/utao_new.html
INFO: [ app_init ] --START--
INFO: Run Behavior\BuildLiteBehavior [ RunTime:0.000054s ]
INFO: [ app_init ] --END-- [ RunTime:0.000834s ]
INFO: [ app_begin ] --START--
INFO: Run Behavior\ReadHtmlCacheBehavior [ RunTime:0.000980s ]
INFO: [ app_begin ] --END-- [ RunTime:0.002160s ]
SQL: SHOW COLUMNS FROM `w_users` [ RunTime:0.0011s ]
SQL: SELECT * FROM `w_users` WHERE ( id=1 ) LIMIT 1   [ RunTime:0.0005s ]
SQL: SHOW COLUMNS FROM `tao` [ RunTime:0.0036s ]
ERR: 非法操作:utao_new

[ 2017-07-01T16:46:54+08:00 ] 127.0.0.1 /taobaoke/Admin/Tao/tao_new.html
INFO: [ app_init ] --START--
INFO: Run Behavior\BuildLiteBehavior [ RunTime:0.000060s ]
INFO: [ app_init ] --END-- [ RunTime:0.001204s ]
INFO: [ app_begin ] --START--
INFO: Run Behavior\ReadHtmlCacheBehavior [ RunTime:0.000923s ]
INFO: [ app_begin ] --END-- [ RunTime:0.001206s ]
SQL: SHOW COLUMNS FROM `w_users` [ RunTime:0.0011s ]
SQL: SELECT * FROM `w_users` WHERE ( id=1 ) LIMIT 1   [ RunTime:0.0007s ]
SQL: SHOW COLUMNS FROM `tao` [ RunTime:0.0014s ]
SQL: SHOW COLUMNS FROM `tao_category` [ RunTime:0.0013s ]
SQL: SELECT * FROM `tao_category`  [ RunTime:0.0007s ]
INFO: [ view_parse ] --START--
INFO: Run Behavior\ParseTemplateBehavior [ RunTime:0.027771s ]
INFO: [ view_parse ] --END-- [ RunTime:0.028331s ]
INFO: [ view_filter ] --START--
INFO: Run Behavior\WriteHtmlCacheBehavior [ RunTime:0.000610s ]
INFO: [ view_filter ] --END-- [ RunTime:0.000853s ]
INFO: [ app_end ] --START--
INFO: Run Behavior\ShowPageTraceBehavior [ RunTime:0.001842s ]
INFO: [ app_end ] --END-- [ RunTime:0.002306s ]

[ 2017-07-01T16:47:37+08:00 ] 127.0.0.1 /taobaoke/Admin/TaoUser/user_new.html
INFO: [ app_init ] --START--
INFO: Run Behavior\BuildLiteBehavior [ RunTime:0.000154s ]
INFO: [ app_init ] --END-- [ RunTime:0.001663s ]
INFO: [ app_begin ] --START--
INFO: Run Behavior\ReadHtmlCacheBehavior [ RunTime:0.001577s ]
INFO: [ app_begin ] --END-- [ RunTime:0.002329s ]
SQL: SHOW COLUMNS FROM `w_users` [ RunTime:0.0014s ]
SQL: SELECT * FROM `w_users` WHERE ( id=1 ) LIMIT 1   [ RunTime:0.0009s ]
SQL: SHOW COLUMNS FROM `tao_users` [ RunTime:0.0012s ]
INFO: [ view_parse ] --START--
INFO: Run Behavior\ParseTemplateBehavior [ RunTime:0.178763s ]
INFO: [ view_parse ] --END-- [ RunTime:0.179199s ]
INFO: [ view_filter ] --START--
INFO: Run Behavior\WriteHtmlCacheBehavior [ RunTime:0.001169s ]
INFO: [ view_filter ] --END-- [ RunTime:0.001445s ]
INFO: [ app_end ] --START--
INFO: Run Behavior\ShowPageTraceBehavior [ RunTime:0.002936s ]
INFO: [ app_end ] --END-- [ RunTime:0.003506s ]

[ 2017-07-01T16:47:57+08:00 ] 127.0.0.1 /taobaoke/Admin/TaoUser/user_list.html
INFO: [ app_init ] --START--
INFO: Run Behavior\BuildLiteBehavior [ RunTime:0.000052s ]
INFO: [ app_init ] --END-- [ RunTime:0.000939s ]
INFO: [ app_begin ] --START--
INFO: Run Behavior\ReadHtmlCacheBehavior [ RunTime:0.001070s ]
INFO: [ app_begin ] --END-- [ RunTime:0.001352s ]
SQL: SHOW COLUMNS FROM `w_users` [ RunTime:0.0012s ]
SQL: SELECT * FROM `w_users` WHERE ( id=1 ) LIMIT 1   [ RunTime:0.0005s ]
SQL: SHOW COLUMNS FROM `tao_users` [ RunTime:0.0008s ]
SQL: SELECT * FROM `tao_users` LIMIT 0,50   [ RunTime:0.0004s ]
SQL: SELECT COUNT(*) AS tp_count FROM `tao_users` LIMIT 1   [ RunTime:0.0003s ]
INFO: [ view_parse ] --START--
INFO: Run Behavior\ParseTemplateBehavior [ RunTime:0.031024s ]
INFO: [ view_parse ] --END-- [ RunTime:0.031332s ]
INFO: [ view_filter ] --START--
INFO: Run Behavior\WriteHtmlCacheBehavior [ RunTime:0.000736s ]
INFO: [ view_filter ] --END-- [ RunTime:0.000992s ]
INFO: [ app_end ] --START--
INFO: Run Behavior\ShowPageTraceBehavior [ RunTime:0.003929s ]
INFO: [ app_end ] --END-- [ RunTime:0.004615s ]

[ 2017-07-01T16:50:20+08:00 ] 127.0.0.1 /taobaoke/Admin/TaoUser/user_new.html
INFO: [ app_init ] --START--
INFO: Run Behavior\BuildLiteBehavior [ RunTime:0.000105s ]
INFO: [ app_init ] --END-- [ RunTime:0.001899s ]
INFO: [ app_begin ] --START--
INFO: Run Behavior\ReadHtmlCacheBehavior [ RunTime:0.001499s ]
INFO: [ app_begin ] --END-- [ RunTime:0.001890s ]
SQL: SHOW COLUMNS FROM `w_users` [ RunTime:0.0019s ]
SQL: SELECT * FROM `w_users` WHERE ( id=1 ) LIMIT 1   [ RunTime:0.0008s ]
SQL: SHOW COLUMNS FROM `tao_users` [ RunTime:0.0015s ]
INFO: [ view_parse ] --START--
INFO: Run Behavior\ParseTemplateBehavior [ RunTime:0.208276s ]
INFO: [ view_parse ] --END-- [ RunTime:0.208653s ]
INFO: [ view_filter ] --START--
INFO: Run Behavior\WriteHtmlCacheBehavior [ RunTime:0.002174s ]
INFO: [ view_filter ] --END-- [ RunTime:0.002578s ]
INFO: [ app_end ] --START--
INFO: Run Behavior\ShowPageTraceBehavior [ RunTime:0.002457s ]
INFO: [ app_end ] --END-- [ RunTime:0.002975s ]

[ 2017-07-01T16:50:32+08:00 ] 127.0.0.1 /taobaoke/Admin/Tao/tao_new.html
INFO: [ app_init ] --START--
INFO: Run Behavior\BuildLiteBehavior [ RunTime:0.000068s ]
INFO: [ app_init ] --END-- [ RunTime:0.001485s ]
INFO: [ app_begin ] --START--
INFO: Run Behavior\ReadHtmlCacheBehavior [ RunTime:0.002253s ]
INFO: [ app_begin ] --END-- [ RunTime:0.002723s ]
SQL: SHOW COLUMNS FROM `w_users` [ RunTime:0.0013s ]
SQL: SELECT * FROM `w_users` WHERE ( id=1 ) LIMIT 1   [ RunTime:0.0006s ]
SQL: SHOW COLUMNS FROM `tao` [ RunTime:0.0054s ]
SQL: SHOW COLUMNS FROM `tao_category` [ RunTime:0.0049s ]
SQL: SELECT * FROM `tao_category`  [ RunTime:0.0007s ]
INFO: [ view_parse ] --START--
INFO: Run Behavior\ParseTemplateBehavior [ RunTime:0.038749s ]
INFO: [ view_parse ] --END-- [ RunTime:0.039204s ]
INFO: [ view_filter ] --START--
INFO: Run Behavior\WriteHtmlCacheBehavior [ RunTime:0.000590s ]
INFO: [ view_filter ] --END-- [ RunTime:0.000868s ]
INFO: [ app_end ] --START--
INFO: Run Behavior\ShowPageTraceBehavior [ RunTime:0.002170s ]
INFO: [ app_end ] --END-- [ RunTime:0.002621s ]

[ 2017-07-01T16:50:43+08:00 ] 127.0.0.1 /taobaoke/Admin/TaoUser/user_new.html
INFO: [ app_init ] --START--
INFO: Run Behavior\BuildLiteBehavior [ RunTime:0.000052s ]
INFO: [ app_init ] --END-- [ RunTime:0.000940s ]
INFO: [ app_begin ] --START--
INFO: Run Behavior\ReadHtmlCacheBehavior [ RunTime:0.000911s ]
INFO: [ app_begin ] --END-- [ RunTime:0.001230s ]
SQL: SHOW COLUMNS FROM `w_users` [ RunTime:0.0013s ]
SQL: SELECT * FROM `w_users` WHERE ( id=1 ) LIMIT 1   [ RunTime:0.0007s ]
SQL: SHOW COLUMNS FROM `tao_users` [ RunTime:0.0013s ]
INFO: [ view_parse ] --START--
INFO: Run Behavior\ParseTemplateBehavior [ RunTime:0.030383s ]
INFO: [ view_parse ] --END-- [ RunTime:0.030662s ]
INFO: [ view_filter ] --START--
INFO: Run Behavior\WriteHtmlCacheBehavior [ RunTime:0.000595s ]
INFO: [ view_filter ] --END-- [ RunTime:0.000842s ]
INFO: [ app_end ] --START--
INFO: Run Behavior\ShowPageTraceBehavior [ RunTime:0.001105s ]
INFO: [ app_end ] --END-- [ RunTime:0.001648s ]

[ 2017-07-01T16:51:07+08:00 ] 127.0.0.1 /taobaoke/Admin/TaoUser/user_new.html
INFO: [ app_init ] --START--
INFO: Run Behavior\BuildLiteBehavior [ RunTime:0.000094s ]
INFO: [ app_init ] --END-- [ RunTime:0.002068s ]
INFO: [ app_begin ] --START--
INFO: Run Behavior\ReadHtmlCacheBehavior [ RunTime:0.001718s ]
INFO: [ app_begin ] --END-- [ RunTime:0.002293s ]
SQL: SHOW COLUMNS FROM `w_users` [ RunTime:0.0014s ]
SQL: SELECT * FROM `w_users` WHERE ( id=1 ) LIMIT 1   [ RunTime:0.0007s ]
SQL: SHOW COLUMNS FROM `tao_users` [ RunTime:0.0015s ]
INFO: [ view_parse ] --START--
INFO: Run Behavior\ParseTemplateBehavior [ RunTime:0.242662s ]
INFO: [ view_parse ] --END-- [ RunTime:0.243072s ]
INFO: [ view_filter ] --START--
INFO: Run Behavior\WriteHtmlCacheBehavior [ RunTime:0.001064s ]
INFO: [ view_filter ] --END-- [ RunTime:0.001327s ]
INFO: [ app_end ] --START--
INFO: Run Behavior\ShowPageTraceBehavior [ RunTime:0.002014s ]
INFO: [ app_end ] --END-- [ RunTime:0.002475s ]

[ 2017-07-01T16:51:32+08:00 ] 127.0.0.1 /taobaoke/Admin/TaoUser/user_new.html
INFO: [ app_init ] --START--
INFO: Run Behavior\BuildLiteBehavior [ RunTime:0.000052s ]
INFO: [ app_init ] --END-- [ RunTime:0.000950s ]
INFO: [ app_begin ] --START--
INFO: Run Behavior\ReadHtmlCacheBehavior [ RunTime:0.001905s ]
INFO: [ app_begin ] --END-- [ RunTime:0.002345s ]
SQL: SHOW COLUMNS FROM `w_users` [ RunTime:0.0014s ]
SQL: SELECT * FROM `w_users` WHERE ( id=1 ) LIMIT 1   [ RunTime:0.0005s ]
SQL: SHOW COLUMNS FROM `tao_users` [ RunTime:0.0014s ]
INFO: [ view_parse ] --START--
INFO: Run Behavior\ParseTemplateBehavior [ RunTime:0.273724s ]
INFO: [ view_parse ] --END-- [ RunTime:0.274202s ]
INFO: [ view_filter ] --START--
INFO: Run Behavior\WriteHtmlCacheBehavior [ RunTime:0.001483s ]
INFO: [ view_filter ] --END-- [ RunTime:0.001920s ]
INFO: [ app_end ] --START--
INFO: Run Behavior\ShowPageTraceBehavior [ RunTime:0.002065s ]
INFO: [ app_end ] --END-- [ RunTime:0.002634s ]

[ 2017-07-01T16:52:20+08:00 ] 127.0.0.1 /taobaoke/Admin/TaoUser/user_new.html
INFO: [ app_init ] --START--
INFO: Run Behavior\BuildLiteBehavior [ RunTime:0.000097s ]
INFO: [ app_init ] --END-- [ RunTime:0.001485s ]
INFO: [ app_begin ] --START--
INFO: Run Behavior\ReadHtmlCacheBehavior [ RunTime:0.002098s ]
INFO: [ app_begin ] --END-- [ RunTime:0.002657s ]
SQL: SHOW COLUMNS FROM `w_users` [ RunTime:0.0046s ]
SQL: SELECT * FROM `w_users` WHERE ( id=1 ) LIMIT 1   [ RunTime:0.0008s ]
SQL: SHOW COLUMNS FROM `tao_users` [ RunTime:0.0040s ]
INFO: [ view_parse ] --START--
INFO: Run Behavior\ParseTemplateBehavior [ RunTime:0.265362s ]
INFO: [ view_parse ] --END-- [ RunTime:0.265813s ]
INFO: [ view_filter ] --START--
INFO: Run Behavior\WriteHtmlCacheBehavior [ RunTime:0.001350s ]
INFO: [ view_filter ] --END-- [ RunTime:0.001719s ]
INFO: [ app_end ] --START--
INFO: Run Behavior\ShowPageTraceBehavior [ RunTime:0.001896s ]
INFO: [ app_end ] --END-- [ RunTime:0.002346s ]

[ 2017-07-01T16:52:30+08:00 ] 127.0.0.1 /taobaoke/Admin/TaoUser/user_new.html
INFO: [ app_init ] --START--
INFO: Run Behavior\BuildLiteBehavior [ RunTime:0.000109s ]
INFO: [ app_init ] --END-- [ RunTime:0.008541s ]
INFO: [ app_begin ] --START--
INFO: Run Behavior\ReadHtmlCacheBehavior [ RunTime:0.002069s ]
INFO: [ app_begin ] --END-- [ RunTime:0.002692s ]
SQL: SHOW COLUMNS FROM `w_users` [ RunTime:0.0018s ]
SQL: SELECT * FROM `w_users` WHERE ( id=1 ) LIMIT 1   [ RunTime:0.0007s ]
SQL: SHOW COLUMNS FROM `tao_users` [ RunTime:0.0015s ]
INFO: [ view_parse ] --START--
INFO: Run Behavior\ParseTemplateBehavior [ RunTime:0.464041s ]
INFO: [ view_parse ] --END-- [ RunTime:0.464532s ]
INFO: [ view_filter ] --START--
INFO: Run Behavior\WriteHtmlCacheBehavior [ RunTime:0.001686s ]
INFO: [ view_filter ] --END-- [ RunTime:0.002235s ]
INFO: [ app_end ] --START--
INFO: Run Behavior\ShowPageTraceBehavior [ RunTime:0.009792s ]
INFO: [ app_end ] --END-- [ RunTime:0.010341s ]

[ 2017-07-01T16:56:28+08:00 ] 127.0.0.1 /taobaoke/Admin/TaoUser/user_new.html
INFO: [ app_init ] --START--
INFO: Run Behavior\BuildLiteBehavior [ RunTime:0.000100s ]
INFO: [ app_init ] --END-- [ RunTime:0.001718s ]
INFO: [ app_begin ] --START--
INFO: Run Behavior\ReadHtmlCacheBehavior [ RunTime:0.002230s ]
INFO: [ app_begin ] --END-- [ RunTime:0.002798s ]
SQL: SHOW COLUMNS FROM `w_users` [ RunTime:0.0054s ]
SQL: SELECT * FROM `w_users` WHERE ( id=1 ) LIMIT 1   [ RunTime:0.0008s ]
SQL: SHOW COLUMNS FROM `tao_users` [ RunTime:0.0053s ]
INFO: [ view_parse ] --START--
INFO: Run Behavior\ParseTemplateBehavior [ RunTime:0.378214s ]
INFO: [ view_parse ] --END-- [ RunTime:0.378684s ]
INFO: [ view_filter ] --START--
INFO: Run Behavior\WriteHtmlCacheBehavior [ RunTime:0.002005s ]
INFO: [ view_filter ] --END-- [ RunTime:0.002607s ]
INFO: [ app_end ] --START--
INFO: Run Behavior\ShowPageTraceBehavior [ RunTime:0.002206s ]
INFO: [ app_end ] --END-- [ RunTime:0.002954s ]

[ 2017-07-01T16:56:44+08:00 ] 127.0.0.1 /taobaoke/Admin/TaoUser/user_new.html
INFO: [ app_init ] --START--
INFO: Run Behavior\BuildLiteBehavior [ RunTime:0.000062s ]
INFO: [ app_init ] --END-- [ RunTime:0.001092s ]
INFO: [ app_begin ] --START--
INFO: Run Behavior\ReadHtmlCacheBehavior [ RunTime:0.001254s ]
INFO: [ app_begin ] --END-- [ RunTime:0.002691s ]
SQL: SHOW COLUMNS FROM `w_users` [ RunTime:0.0012s ]
SQL: SELECT * FROM `w_users` WHERE ( id=1 ) LIMIT 1   [ RunTime:0.0006s ]
SQL: SHOW COLUMNS FROM `tao_users` [ RunTime:0.0012s ]
INFO: [ view_parse ] --START--
INFO: Run Behavior\ParseTemplateBehavior [ RunTime:0.256623s ]
INFO: [ view_parse ] --END-- [ RunTime:0.257170s ]
INFO: [ view_filter ] --START--
INFO: Run Behavior\WriteHtmlCacheBehavior [ RunTime:0.001891s ]
INFO: [ view_filter ] --END-- [ RunTime:0.002396s ]
INFO: [ app_end ] --START--
INFO: Run Behavior\ShowPageTraceBehavior [ RunTime:0.001966s ]
INFO: [ app_end ] --END-- [ RunTime:0.002548s ]

[ 2017-07-01T16:56:56+08:00 ] 127.0.0.1 /taobaoke/Admin/TaoUser/user_new.html
INFO: [ app_init ] --START--
INFO: Run Behavior\BuildLiteBehavior [ RunTime:0.000127s ]
INFO: [ app_init ] --END-- [ RunTime:0.001852s ]
INFO: [ app_begin ] --START--
INFO: Run Behavior\ReadHtmlCacheBehavior [ RunTime:0.001262s ]
INFO: [ app_begin ] --END-- [ RunTime:0.001662s ]
SQL: SHOW COLUMNS FROM `w_users` [ RunTime:0.0014s ]
SQL: SELECT * FROM `w_users` WHERE ( id=1 ) LIMIT 1   [ RunTime:0.0006s ]
SQL: SHOW COLUMNS FROM `tao_users` [ RunTime:0.0010s ]
INFO: [ view_parse ] --START--
INFO: Run Behavior\ParseTemplateBehavior [ RunTime:0.034395s ]
INFO: [ view_parse ] --END-- [ RunTime:0.035090s ]
INFO: [ view_filter ] --START--
INFO: Run Behavior\WriteHtmlCacheBehavior [ RunTime:0.000947s ]
INFO: [ view_filter ] --END-- [ RunTime:0.001531s ]
INFO: [ app_end ] --START--
INFO: Run Behavior\ShowPageTraceBehavior [ RunTime:0.001476s ]
INFO: [ app_end ] --END-- [ RunTime:0.001866s ]

[ 2017-07-01T16:57:05+08:00 ] 127.0.0.1 /taobaoke/Admin/TaoUser/user_new.html
INFO: [ app_init ] --START--
INFO: Run Behavior\BuildLiteBehavior [ RunTime:0.000119s ]
INFO: [ app_init ] --END-- [ RunTime:0.001563s ]
INFO: [ app_begin ] --START--
INFO: Run Behavior\ReadHtmlCacheBehavior [ RunTime:0.001947s ]
INFO: [ app_begin ] --END-- [ RunTime:0.002638s ]
SQL: SHOW COLUMNS FROM `w_users` [ RunTime:0.0018s ]
SQL: SELECT * FROM `w_users` WHERE ( id=1 ) LIMIT 1   [ RunTime:0.0007s ]
SQL: SHOW COLUMNS FROM `tao_users` [ RunTime:0.0012s ]
INFO: [ view_parse ] --START--
INFO: Run Behavior\ParseTemplateBehavior [ RunTime:0.038417s ]
INFO: [ view_parse ] --END-- [ RunTime:0.038803s ]
INFO: [ view_filter ] --START--
INFO: Run Behavior\WriteHtmlCacheBehavior [ RunTime:0.001006s ]
INFO: [ view_filter ] --END-- [ RunTime:0.001494s ]
INFO: [ app_end ] --START--
INFO: Run Behavior\ShowPageTraceBehavior [ RunTime:0.003711s ]
INFO: [ app_end ] --END-- [ RunTime:0.004315s ]

[ 2017-07-01T16:57:11+08:00 ] 127.0.0.1 /taobaoke/Admin/TaoUser/user_new.html
INFO: [ app_init ] --START--
INFO: Run Behavior\BuildLiteBehavior [ RunTime:0.000550s ]
INFO: [ app_init ] --END-- [ RunTime:0.002110s ]
INFO: [ app_begin ] --START--
INFO: Run Behavior\ReadHtmlCacheBehavior [ RunTime:0.001493s ]
INFO: [ app_begin ] --END-- [ RunTime:0.002001s ]
SQL: SHOW COLUMNS FROM `w_users` [ RunTime:0.0014s ]
SQL: SELECT * FROM `w_users` WHERE ( id=1 ) LIMIT 1   [ RunTime:0.0007s ]
SQL: SHOW COLUMNS FROM `tao_users` [ RunTime:0.0014s ]
INFO: [ view_parse ] --START--
INFO: Run Behavior\ParseTemplateBehavior [ RunTime:0.328650s ]
INFO: [ view_parse ] --END-- [ RunTime:0.329187s ]
INFO: [ view_filter ] --START--
INFO: Run Behavior\WriteHtmlCacheBehavior [ RunTime:0.002481s ]
INFO: [ view_filter ] --END-- [ RunTime:0.003002s ]
INFO: [ app_end ] --START--
INFO: Run Behavior\ShowPageTraceBehavior [ RunTime:0.002536s ]
INFO: [ app_end ] --END-- [ RunTime:0.003072s ]

[ 2017-07-01T18:21:43+08:00 ] 127.0.0.1 /taobaoke/Admin/TaoUser/user_new.html
INFO: [ app_init ] --START--
INFO: Run Behavior\BuildLiteBehavior [ RunTime:0.000054s ]
INFO: [ app_init ] --END-- [ RunTime:0.001135s ]
INFO: [ app_begin ] --START--
INFO: Run Behavior\ReadHtmlCacheBehavior [ RunTime:0.001736s ]
INFO: [ app_begin ] --END-- [ RunTime:0.002232s ]

[ 2017-07-01T18:21:45+08:00 ] 127.0.0.1 /taobaoke/admin/index/login.html
INFO: [ app_init ] --START--
INFO: Run Behavior\BuildLiteBehavior [ RunTime:0.000088s ]
INFO: [ app_init ] --END-- [ RunTime:0.001712s ]
INFO: [ app_begin ] --START--
INFO: Run Behavior\ReadHtmlCacheBehavior [ RunTime:0.002392s ]
INFO: [ app_begin ] --END-- [ RunTime:0.002935s ]
INFO: [ view_parse ] --START--
INFO: Run Behavior\ParseTemplateBehavior [ RunTime:0.033934s ]
INFO: [ view_parse ] --END-- [ RunTime:0.034236s ]
INFO: [ view_filter ] --START--
INFO: Run Behavior\WriteHtmlCacheBehavior [ RunTime:0.000765s ]
INFO: [ view_filter ] --END-- [ RunTime:0.001103s ]
INFO: [ app_end ] --START--
INFO: Run Behavior\ShowPageTraceBehavior [ RunTime:0.002419s ]
INFO: [ app_end ] --END-- [ RunTime:0.002892s ]

[ 2017-07-01T18:21:49+08:00 ] 127.0.0.1 /taobaoke/admin/index/login_submit
INFO: [ app_init ] --START--
INFO: Run Behavior\BuildLiteBehavior [ RunTime:0.000054s ]
INFO: [ app_init ] --END-- [ RunTime:0.001211s ]
INFO: [ app_begin ] --START--
INFO: Run Behavior\ReadHtmlCacheBehavior [ RunTime:0.001316s ]
INFO: [ app_begin ] --END-- [ RunTime:0.001559s ]
SQL: SHOW COLUMNS FROM `w_users` [ RunTime:0.0040s ]
SQL: SELECT * FROM `w_users` WHERE ( user_login="admin" ) LIMIT 1   [ RunTime:0.0010s ]
SQL: SHOW COLUMNS FROM `w_logs` [ RunTime:0.0016s ]
NOTIC: [8] Undefined index: validate D:\wamp64\www\taobaoke\ThinkPHP\Library\Think\Model.class.php 第 1185 行.
NOTIC: [8] Undefined index: auto D:\wamp64\www\taobaoke\ThinkPHP\Library\Think\Model.class.php 第 1128 行.
SQL: INSERT INTO `w_logs` (`user_id`,`login_time`,`login_ip`,`login_referer`) VALUES ('1','1498904509','127.0.0.1','http://127.0.0.1/taobaoke/admin/index/login.html') [ RunTime:0.0033s ]
INFO: [ app_end ] --START--
INFO: Run Behavior\ShowPageTraceBehavior [ RunTime:0.000995s ]
INFO: [ app_end ] --END-- [ RunTime:0.001223s ]

[ 2017-07-01T18:21:49+08:00 ] 127.0.0.1 /taobaoke/admin/index
INFO: [ app_init ] --START--
INFO: Run Behavior\BuildLiteBehavior [ RunTime:0.000058s ]
INFO: [ app_init ] --END-- [ RunTime:0.001721s ]
INFO: [ app_begin ] --START--
INFO: Run Behavior\ReadHtmlCacheBehavior [ RunTime:0.001266s ]
INFO: [ app_begin ] --END-- [ RunTime:0.001611s ]
SQL: SHOW COLUMNS FROM `w_users` [ RunTime:0.0013s ]
SQL: SELECT * FROM `w_users` WHERE ( id=1 ) LIMIT 1   [ RunTime:0.0007s ]
SQL: SHOW COLUMNS FROM `w_pages` [ RunTime:0.0014s ]
SQL: SELECT `user_nickname`,`page_id`,`page_title`,`page_time` FROM `w_pages` INNER JOIN w_users on w_users.ID=w_pages.page_author  WHERE `page_status` = 'open' AND `w_user_level` <= '10' ORDER BY page_time desc LIMIT 0,5   [ RunTime:0.0020s ]
SQL: SELECT COUNT(*) AS tp_count FROM `w_pages` WHERE `page_status` = 'open' LIMIT 1   [ RunTime:0.0006s ]
SQL: SHOW COLUMNS FROM `w_post` [ RunTime:0.0018s ]
SQL: SELECT w_post.ID as id,`post_date`,`post_title`,`user_nickname`,`post_status` FROM `w_post` INNER JOIN w_users on w_users.ID=w_post.post_author  WHERE `post_type_delete` = 'open' AND `post_status` = 'publish' AND `post_author` <= '1' ORDER BY post_date desc LIMIT 0,5   [ RunTime:0.0010s ]
SQL: SELECT COUNT(*) AS tp_count FROM `w_post` WHERE `post_type_delete` = 'open' AND `post_status` = 'publish' AND `post_author` <= '1' LIMIT 1   [ RunTime:0.0007s ]
SQL: SHOW COLUMNS FROM `w_logs` [ RunTime:0.0011s ]
SQL: SELECT w_logs.*,user_nickname as name FROM `w_logs` LEFT JOIN w_users on w_users.ID=w_logs.user_id  ORDER BY login_time desc LIMIT 0,5   [ RunTime:0.0012s ]
SQL: SELECT COUNT(*) AS tp_count FROM `w_logs` LIMIT 1   [ RunTime:0.0004s ]
INFO: [ view_parse ] --START--
INFO: Run Behavior\ParseTemplateBehavior [ RunTime:0.041999s ]
INFO: [ view_parse ] --END-- [ RunTime:0.042404s ]
INFO: [ view_filter ] --START--
INFO: Run Behavior\WriteHtmlCacheBehavior [ RunTime:0.000559s ]
INFO: [ view_filter ] --END-- [ RunTime:0.000866s ]
INFO: [ app_end ] --START--
INFO: Run Behavior\ShowPageTraceBehavior [ RunTime:0.002119s ]
INFO: [ app_end ] --END-- [ RunTime:0.002544s ]

[ 2017-07-01T18:21:58+08:00 ] 127.0.0.1 /taobaoke/Admin/TaoUser/user_new.html
INFO: [ app_init ] --START--
INFO: Run Behavior\BuildLiteBehavior [ RunTime:0.000174s ]
INFO: [ app_init ] --END-- [ RunTime:0.001802s ]
INFO: [ app_begin ] --START--
INFO: Run Behavior\ReadHtmlCacheBehavior [ RunTime:0.002174s ]
INFO: [ app_begin ] --END-- [ RunTime:0.002585s ]
SQL: SHOW COLUMNS FROM `w_users` [ RunTime:0.0012s ]
SQL: SELECT * FROM `w_users` WHERE ( id=1 ) LIMIT 1   [ RunTime:0.0007s ]
SQL: SHOW COLUMNS FROM `tao_users` [ RunTime:0.0011s ]
INFO: [ view_parse ] --START--
INFO: Run Behavior\ParseTemplateBehavior [ RunTime:0.202384s ]
INFO: [ view_parse ] --END-- [ RunTime:0.202865s ]
INFO: [ view_filter ] --START--
INFO: Run Behavior\WriteHtmlCacheBehavior [ RunTime:0.001523s ]
INFO: [ view_filter ] --END-- [ RunTime:0.001883s ]
INFO: [ app_end ] --START--
INFO: Run Behavior\ShowPageTraceBehavior [ RunTime:0.001443s ]
INFO: [ app_end ] --END-- [ RunTime:0.001895s ]

[ 2017-07-01T18:28:07+08:00 ] 127.0.0.1 /taobaoke/Admin/TaoUser/user_new.html
INFO: [ app_init ] --START--
INFO: Run Behavior\BuildLiteBehavior [ RunTime:0.000101s ]
INFO: [ app_init ] --END-- [ RunTime:0.001568s ]
INFO: [ app_begin ] --START--
INFO: Run Behavior\ReadHtmlCacheBehavior [ RunTime:0.003162s ]
INFO: [ app_begin ] --END-- [ RunTime:0.005095s ]
SQL: SHOW COLUMNS FROM `w_users` [ RunTime:0.0015s ]
SQL: SELECT * FROM `w_users` WHERE ( id=1 ) LIMIT 1   [ RunTime:0.0006s ]
SQL: SHOW COLUMNS FROM `tao_users` [ RunTime:0.0013s ]
INFO: [ view_parse ] --START--
INFO: Run Behavior\ParseTemplateBehavior [ RunTime:0.273228s ]
INFO: [ view_parse ] --END-- [ RunTime:0.273609s ]
INFO: [ view_filter ] --START--
INFO: Run Behavior\WriteHtmlCacheBehavior [ RunTime:0.001045s ]
INFO: [ view_filter ] --END-- [ RunTime:0.001306s ]
INFO: [ app_end ] --START--
INFO: Run Behavior\ShowPageTraceBehavior [ RunTime:0.001869s ]
INFO: [ app_end ] --END-- [ RunTime:0.002367s ]

