[ 2017-05-11T10:38:22+08:00 ] 127.0.0.1 /Demo/Admin/Archive/post_edit.html?aid=60
INFO: [ app_init ] --START--
INFO: Run Behavior\BuildLiteBehavior [ RunTime:0.000053s ]
INFO: [ app_init ] --END-- [ RunTime:0.000940s ]
INFO: [ app_begin ] --START--
INFO: Run Behavior\ReadHtmlCacheBehavior [ RunTime:0.001004s ]
INFO: [ app_begin ] --END-- [ RunTime:0.001260s ]
NOTIC: [2048] Declaration of Admin\Controller\ArchiveController::uploadImg() should be compatible with Admin\Controller\BaseController::uploadImg($path = 'thumbnail') D:\wamp64\www\Demo\app\Admin\Controller\ArchiveController.class.php 第 4 行.
SQL: SHOW COLUMNS FROM `w_users` [ RunTime:0.0038s ]
SQL: SELECT * FROM `w_users` WHERE ( id=1 ) LIMIT 1   [ RunTime:0.0005s ]
SQL: SHOW COLUMNS FROM `w_post` [ RunTime:0.0032s ]
SQL: SELECT w_post.*,`w_user_level` FROM `w_post` INNER JOIN w_users on w_users.ID=w_post.post_author  WHERE w_post.ID = '60' AND `post_status` <> 'inherit' LIMIT 1   [ RunTime:0.0009s ]
SQL: SHOW COLUMNS FROM `w_term_relationship` [ RunTime:0.0027s ]
SQL: SELECT * FROM `w_term_relationship` WHERE `object_id` = 60 AND `tag_or_category` = 'category'  [ RunTime:0.0005s ]
SQL: SELECT * FROM `w_term_relationship` INNER JOIN w_term on w_term.term_id=w_term_relationship.term_taxonomy_id  WHERE `object_id` = '60' AND `tag_or_category` = 'tag'  [ RunTime:0.0023s ]
SQL: SHOW COLUMNS FROM `w_term` [ RunTime:0.0013s ]
SQL: SELECT * FROM `w_term` WHERE ( term_group=0 and term_taxonomy="category" )  [ RunTime:0.0005s ]
SQL: SELECT * FROM `w_term` WHERE ( term_group=1 and term_taxonomy="category" )  [ RunTime:0.0003s ]
SQL: SELECT * FROM `w_term` WHERE `term_taxonomy` = 'post_tag'  [ RunTime:0.0003s ]
INFO: [ view_parse ] --START--
NOTIC: [2] filemtime(): stat failed for ./app/Runtime/Cache\ad974de8425282492e22216ff28217081525e288.file.post_edit.tpl.php D:\wamp64\www\Demo\ThinkPHP\Library\Vendor\Smarty\sysplugins\smarty_resource.php 第 683 行.
NOTIC: [2] unlink(./app/Runtime/Cache\ad974de8425282492e22216ff28217081525e288.file.post_edit.tpl.php): No such file or directory D:\wamp64\www\Demo\ThinkPHP\Library\Vendor\Smarty\sysplugins\smarty_internal_write_file.php 第 49 行.
NOTIC: [2] filemtime(): stat failed for ./app/Runtime/Cache\f071a43e6823a7b66c8a33e8393ce44fc7568543.file.header.tpl.php D:\wamp64\www\Demo\ThinkPHP\Library\Vendor\Smarty\sysplugins\smarty_resource.php 第 683 行.
NOTIC: [2] unlink(./app/Runtime/Cache\f071a43e6823a7b66c8a33e8393ce44fc7568543.file.header.tpl.php): No such file or directory D:\wamp64\www\Demo\ThinkPHP\Library\Vendor\Smarty\sysplugins\smarty_internal_write_file.php 第 49 行.
NOTIC: [2] filemtime(): stat failed for ./app/Runtime/Cache\07ec7ae1a10af2b49710bcbcd28c8717b260235c.file.footer.tpl.php D:\wamp64\www\Demo\ThinkPHP\Library\Vendor\Smarty\sysplugins\smarty_resource.php 第 683 行.
NOTIC: [2] unlink(./app/Runtime/Cache\07ec7ae1a10af2b49710bcbcd28c8717b260235c.file.footer.tpl.php): No such file or directory D:\wamp64\www\Demo\ThinkPHP\Library\Vendor\Smarty\sysplugins\smarty_internal_write_file.php 第 49 行.
INFO: Run Behavior\ParseTemplateBehavior [ RunTime:1.163777s ]
INFO: [ view_parse ] --END-- [ RunTime:1.164215s ]
INFO: [ view_filter ] --START--
INFO: Run Behavior\WriteHtmlCacheBehavior [ RunTime:0.001007s ]
INFO: [ view_filter ] --END-- [ RunTime:0.001279s ]
INFO: [ app_end ] --START--
INFO: Run Behavior\ShowPageTraceBehavior [ RunTime:0.001496s ]
INFO: [ app_end ] --END-- [ RunTime:0.001968s ]

